{"name":"hexo","hostname":"MobrodeMacBook-Pro.local","pid":34710,"level":20,"msg":"Hexo version: \u001b[35m3.7.1\u001b[39m","time":"2022-03-19T17:18:50.433Z","v":0}
{"name":"hexo","hostname":"MobrodeMacBook-Pro.local","pid":34710,"level":20,"msg":"Working directory: \u001b[35m~/mobro.site/MobroChu.github.io/\u001b[39m","time":"2022-03-19T17:18:50.435Z","v":0}
{"name":"hexo","hostname":"MobrodeMacBook-Pro.local","pid":34710,"level":20,"msg":"Config loaded: \u001b[35m~/mobro.site/MobroChu.github.io/_config.yml\u001b[39m","time":"2022-03-19T17:18:50.493Z","v":0}
{"name":"hexo","hostname":"MobrodeMacBook-Pro.local","pid":34710,"level":20,"msg":"Plugin loaded: \u001b[35mhexo-deployer-git\u001b[39m","time":"2022-03-19T17:18:50.519Z","v":0}
{"name":"hexo","hostname":"MobrodeMacBook-Pro.local","pid":34710,"level":20,"msg":"Plugin loaded: \u001b[35mhexo-generator-archive\u001b[39m","time":"2022-03-19T17:18:50.521Z","v":0}
{"name":"hexo","hostname":"MobrodeMacBook-Pro.local","pid":34710,"level":20,"msg":"Plugin loaded: \u001b[35mhexo-generator-index\u001b[39m","time":"2022-03-19T17:18:50.522Z","v":0}
{"name":"hexo","hostname":"MobrodeMacBook-Pro.local","pid":34710,"level":20,"msg":"Plugin loaded: \u001b[35mhexo-generator-tag\u001b[39m","time":"2022-03-19T17:18:50.522Z","v":0}
{"name":"hexo","hostname":"MobrodeMacBook-Pro.local","pid":34710,"level":20,"msg":"Plugin loaded: \u001b[35mhexo-renderer-ejs\u001b[39m","time":"2022-03-19T17:18:50.524Z","v":0}
{"name":"hexo","hostname":"MobrodeMacBook-Pro.local","pid":34710,"level":20,"msg":"Plugin loaded: \u001b[35mhexo-generator-category\u001b[39m","time":"2022-03-19T17:18:50.525Z","v":0}
{"name":"hexo","hostname":"MobrodeMacBook-Pro.local","pid":34710,"level":20,"msg":"Plugin loaded: \u001b[35mhexo-renderer-marked\u001b[39m","time":"2022-03-19T17:18:50.528Z","v":0}
{"name":"hexo","hostname":"MobrodeMacBook-Pro.local","pid":34710,"level":20,"msg":"Plugin loaded: \u001b[35mhexo-renderer-sass\u001b[39m","time":"2022-03-19T17:18:50.565Z","v":0}
{"name":"hexo","hostname":"MobrodeMacBook-Pro.local","pid":34710,"level":20,"msg":"Plugin loaded: \u001b[35mhexo-renderer-pug\u001b[39m","time":"2022-03-19T17:18:50.696Z","v":0}
{"name":"hexo","hostname":"MobrodeMacBook-Pro.local","pid":34710,"level":20,"msg":"Plugin loaded: \u001b[35mhexo-renderer-stylus\u001b[39m","time":"2022-03-19T17:18:50.697Z","v":0}
{"name":"hexo","hostname":"MobrodeMacBook-Pro.local","pid":34710,"level":20,"msg":"Plugin loaded: \u001b[35mhexo-server\u001b[39m","time":"2022-03-19T17:18:50.758Z","v":0}
{"name":"hexo","hostname":"MobrodeMacBook-Pro.local","pid":34710,"level":20,"msg":"Loading database.","time":"2022-03-19T17:18:50.761Z","v":0}
{"name":"hexo","hostname":"MobrodeMacBook-Pro.local","pid":34710,"level":30,"msg":"Start processing","time":"2022-03-19T17:18:50.773Z","v":0}
{"name":"hexo","hostname":"MobrodeMacBook-Pro.local","pid":34710,"level":20,"msg":"Processed: \u001b[35mCNAME\u001b[39m","time":"2022-03-19T17:18:50.793Z","v":0}
{"name":"hexo","hostname":"MobrodeMacBook-Pro.local","pid":34710,"level":20,"msg":"Processed: \u001b[35mimages/201806/WX20180605-100532.png\u001b[39m","time":"2022-03-19T17:18:50.813Z","v":0}
{"name":"hexo","hostname":"MobrodeMacBook-Pro.local","pid":34710,"level":20,"msg":"Processed: \u001b[35mimages/201806/WX20180615-115151.png\u001b[39m","time":"2022-03-19T17:18:50.814Z","v":0}
{"name":"hexo","hostname":"MobrodeMacBook-Pro.local","pid":34710,"level":20,"msg":"Processed: \u001b[35mimages/201806/WX20180615-143708.png\u001b[39m","time":"2022-03-19T17:18:50.814Z","v":0}
{"name":"hexo","hostname":"MobrodeMacBook-Pro.local","pid":34710,"level":20,"msg":"Processed: \u001b[35mimages/201807/WX20180727-180222.png\u001b[39m","time":"2022-03-19T17:18:50.815Z","v":0}
{"name":"hexo","hostname":"MobrodeMacBook-Pro.local","pid":34710,"level":20,"msg":"Processed: \u001b[35mimages/201806/WX20180605-100350.png\u001b[39m","time":"2022-03-19T17:18:50.815Z","v":0}
{"name":"hexo","hostname":"MobrodeMacBook-Pro.local","pid":34710,"level":20,"msg":"Processed: \u001b[35mimages/201807/WX20180727-182015.png\u001b[39m","time":"2022-03-19T17:18:50.816Z","v":0}
{"name":"hexo","hostname":"MobrodeMacBook-Pro.local","pid":34710,"level":20,"msg":"Processed: \u001b[35mimages/201807/WX20180727-183148.png\u001b[39m","time":"2022-03-19T17:18:50.816Z","v":0}
{"name":"hexo","hostname":"MobrodeMacBook-Pro.local","pid":34710,"level":20,"msg":"Processed: \u001b[35mimages/201807/WX20180807-110131.png\u001b[39m","time":"2022-03-19T17:18:50.816Z","v":0}
{"name":"hexo","hostname":"MobrodeMacBook-Pro.local","pid":34710,"level":20,"msg":"Processed: \u001b[35mimages/201807/WX20180824-114924.png\u001b[39m","time":"2022-03-19T17:18:50.816Z","v":0}
{"name":"hexo","hostname":"MobrodeMacBook-Pro.local","pid":34710,"level":20,"msg":"Processed: \u001b[35mimages/201812/20181108175706218.png\u001b[39m","time":"2022-03-19T17:18:50.819Z","v":0}
{"name":"hexo","hostname":"MobrodeMacBook-Pro.local","pid":34710,"level":20,"msg":"Processed: \u001b[35mimages/201812/20181113104748419.png\u001b[39m","time":"2022-03-19T17:18:50.820Z","v":0}
{"name":"hexo","hostname":"MobrodeMacBook-Pro.local","pid":34710,"level":20,"msg":"Processed: \u001b[35mimages/201812/20181128150414641.png\u001b[39m","time":"2022-03-19T17:18:50.820Z","v":0}
{"name":"hexo","hostname":"MobrodeMacBook-Pro.local","pid":34710,"level":20,"msg":"Processed: \u001b[35mimages/aliyun/WX20180531-155652.png\u001b[39m","time":"2022-03-19T17:18:50.821Z","v":0}
{"name":"hexo","hostname":"MobrodeMacBook-Pro.local","pid":34710,"level":20,"msg":"Processed: \u001b[35mimages/201812/20181128150845751.png\u001b[39m","time":"2022-03-19T17:18:50.821Z","v":0}
{"name":"hexo","hostname":"MobrodeMacBook-Pro.local","pid":34710,"level":20,"msg":"Processed: \u001b[35mimages/aliyun/WX20180531-180301.png\u001b[39m","time":"2022-03-19T17:18:50.821Z","v":0}
{"name":"hexo","hostname":"MobrodeMacBook-Pro.local","pid":34710,"level":20,"msg":"Processed: \u001b[35mimages/aliyun/WX20180601-105924.png\u001b[39m","time":"2022-03-19T17:18:50.822Z","v":0}
{"name":"hexo","hostname":"MobrodeMacBook-Pro.local","pid":34710,"level":20,"msg":"Processed: \u001b[35mimages/aliyun/WX20180531-160800.png\u001b[39m","time":"2022-03-19T17:18:50.822Z","v":0}
{"name":"hexo","hostname":"MobrodeMacBook-Pro.local","pid":34710,"level":20,"msg":"Processed: \u001b[35m_posts/Error: listen EADDRINUSE :::3000.md\u001b[39m","time":"2022-03-19T17:18:50.856Z","v":0}
{"name":"hexo","hostname":"MobrodeMacBook-Pro.local","pid":34710,"level":20,"msg":"Processed: \u001b[35m_posts/ERR-registry-error-parsing-json.md\u001b[39m","time":"2022-03-19T17:18:50.857Z","v":0}
{"name":"hexo","hostname":"MobrodeMacBook-Pro.local","pid":34710,"level":20,"msg":"Processed: \u001b[35m_posts/GIT-error-pathspec-xxx-did-not-match-any-file-s-known-to-git.md\u001b[39m","time":"2022-03-19T17:18:50.859Z","v":0}
{"name":"hexo","hostname":"MobrodeMacBook-Pro.local","pid":34710,"level":20,"msg":"Processed: \u001b[35m_posts/command-not-found-shell-returned-127.md\u001b[39m","time":"2022-03-19T17:18:50.867Z","v":0}
{"name":"hexo","hostname":"MobrodeMacBook-Pro.local","pid":34710,"level":20,"msg":"Processed: \u001b[35m_posts/Permission denied (publickey).md\u001b[39m","time":"2022-03-19T17:18:50.870Z","v":0}
{"name":"hexo","hostname":"MobrodeMacBook-Pro.local","pid":34710,"level":20,"msg":"Processed: \u001b[35m_posts/Jade入门学习.md\u001b[39m","time":"2022-03-19T17:18:50.872Z","v":0}
{"name":"hexo","hostname":"MobrodeMacBook-Pro.local","pid":34710,"level":20,"msg":"Processed: \u001b[35m_posts/git常用操作命令.md\u001b[39m","time":"2022-03-19T17:18:50.872Z","v":0}
{"name":"hexo","hostname":"MobrodeMacBook-Pro.local","pid":34710,"level":20,"msg":"Processed: \u001b[35m_posts/git-pull代码冲突。怪异问题，了解一下.md\u001b[39m","time":"2022-03-19T17:18:50.873Z","v":0}
{"name":"hexo","hostname":"MobrodeMacBook-Pro.local","pid":34710,"level":20,"msg":"Processed: \u001b[35m_posts/Operation not permitted.md\u001b[39m","time":"2022-03-19T17:18:50.874Z","v":0}
{"name":"hexo","hostname":"MobrodeMacBook-Pro.local","pid":34710,"level":20,"msg":"Processed: \u001b[35m_posts/js实现千位分隔.md\u001b[39m","time":"2022-03-19T17:18:50.875Z","v":0}
{"name":"hexo","hostname":"MobrodeMacBook-Pro.local","pid":34710,"level":20,"msg":"Processed: \u001b[35m_posts/mac 系统自定义命令，定制脚本入门.md\u001b[39m","time":"2022-03-19T17:18:50.877Z","v":0}
{"name":"hexo","hostname":"MobrodeMacBook-Pro.local","pid":34710,"level":20,"msg":"Processed: \u001b[35m_posts/node-之-buffer-笔记.md\u001b[39m","time":"2022-03-19T17:18:50.877Z","v":0}
{"name":"hexo","hostname":"MobrodeMacBook-Pro.local","pid":34710,"level":20,"msg":"Processed: \u001b[35m_posts/stylus入门学习笔记.md\u001b[39m","time":"2022-03-19T17:18:50.878Z","v":0}
{"name":"hexo","hostname":"MobrodeMacBook-Pro.local","pid":34710,"level":20,"msg":"Processed: \u001b[35m_posts/vue学习笔记（一）.md\u001b[39m","time":"2022-03-19T17:18:50.879Z","v":0}
{"name":"hexo","hostname":"MobrodeMacBook-Pro.local","pid":34710,"level":20,"msg":"Processed: \u001b[35m_posts/shell script 学习.md\u001b[39m","time":"2022-03-19T17:18:50.881Z","v":0}
{"name":"hexo","hostname":"MobrodeMacBook-Pro.local","pid":34710,"level":20,"msg":"Processed: \u001b[35m_posts/使用scss为css样式自动添加浏览器前缀.md\u001b[39m","time":"2022-03-19T17:18:50.881Z","v":0}
{"name":"hexo","hostname":"MobrodeMacBook-Pro.local","pid":34710,"level":20,"msg":"Processed: \u001b[35m_posts/vue学习笔记（二）.md\u001b[39m","time":"2022-03-19T17:18:50.882Z","v":0}
{"name":"hexo","hostname":"MobrodeMacBook-Pro.local","pid":34710,"level":20,"msg":"Processed: \u001b[35m_posts/自己封装myLocalStorage，使其有有效期.md\u001b[39m","time":"2022-03-19T17:18:50.884Z","v":0}
{"name":"hexo","hostname":"MobrodeMacBook-Pro.local","pid":34710,"level":20,"msg":"Processed: \u001b[35m_posts/常用的linux命令.md\u001b[39m","time":"2022-03-19T17:18:50.884Z","v":0}
{"name":"hexo","hostname":"MobrodeMacBook-Pro.local","pid":34710,"level":20,"msg":"Processed: \u001b[35m_posts/前端小问题总结.md\u001b[39m","time":"2022-03-19T17:18:50.886Z","v":0}
{"name":"hexo","hostname":"MobrodeMacBook-Pro.local","pid":34710,"level":20,"msg":"Processed: \u001b[35m_posts/阿里云搭建大概步骤.md\u001b[39m","time":"2022-03-19T17:18:50.886Z","v":0}
{"name":"hexo","hostname":"MobrodeMacBook-Pro.local","pid":34710,"level":20,"msg":"Processed: \u001b[35m_posts/通过 ssh 建立本地与 github 的连接.md\u001b[39m","time":"2022-03-19T17:18:50.889Z","v":0}
{"name":"hexo","hostname":"MobrodeMacBook-Pro.local","pid":34710,"level":20,"msg":"Processed: \u001b[35m_posts/论Object-keys-Object-getOwnPropertyNames-for-in-Object-getOwnPropertySymbol-区别.md\u001b[39m","time":"2022-03-19T17:18:50.889Z","v":0}
{"name":"hexo","hostname":"MobrodeMacBook-Pro.local","pid":34710,"level":20,"msg":"Processed: \u001b[35m_posts/阿里云服务器搭建所遇见问题.md\u001b[39m","time":"2022-03-19T17:18:50.891Z","v":0}
{"name":"hexo","hostname":"MobrodeMacBook-Pro.local","pid":34710,"level":20,"msg":"Processed: \u001b[35m_posts/程序包无效：“CRX_HEADER_INVALID” 的终极解决方案.md\u001b[39m","time":"2022-03-19T17:18:50.893Z","v":0}
{"name":"hexo","hostname":"MobrodeMacBook-Pro.local","pid":34710,"level":20,"msg":"Processed: \u001b[35mabout/index.md\u001b[39m","time":"2022-03-19T17:18:50.896Z","v":0}
{"name":"hexo","hostname":"MobrodeMacBook-Pro.local","pid":34710,"level":20,"msg":"Processed: \u001b[35mimages/aliyun/WX20180531-161602.png\u001b[39m","time":"2022-03-19T17:18:50.897Z","v":0}
{"name":"hexo","hostname":"MobrodeMacBook-Pro.local","pid":34710,"level":20,"msg":"Processed: \u001b[35mimages/201807/WX20180727-182035.png\u001b[39m","time":"2022-03-19T17:18:50.897Z","v":0}
{"name":"hexo","hostname":"MobrodeMacBook-Pro.local","pid":34710,"level":20,"msg":"Processed: \u001b[35mimages/201812/20181112183240688.png\u001b[39m","time":"2022-03-19T17:18:50.899Z","v":0}
{"name":"hexo","hostname":"MobrodeMacBook-Pro.local","pid":34710,"level":20,"msg":"Generator: \u001b[35mpage\u001b[39m","time":"2022-03-19T17:18:51.238Z","v":0}
{"name":"hexo","hostname":"MobrodeMacBook-Pro.local","pid":34710,"level":20,"msg":"Generator: \u001b[35mpost\u001b[39m","time":"2022-03-19T17:18:51.238Z","v":0}
{"name":"hexo","hostname":"MobrodeMacBook-Pro.local","pid":34710,"level":20,"msg":"Generator: \u001b[35marchive\u001b[39m","time":"2022-03-19T17:18:51.238Z","v":0}
{"name":"hexo","hostname":"MobrodeMacBook-Pro.local","pid":34710,"level":20,"msg":"Generator: \u001b[35mindex\u001b[39m","time":"2022-03-19T17:18:51.238Z","v":0}
{"name":"hexo","hostname":"MobrodeMacBook-Pro.local","pid":34710,"level":20,"msg":"Generator: \u001b[35mtag\u001b[39m","time":"2022-03-19T17:18:51.238Z","v":0}
{"name":"hexo","hostname":"MobrodeMacBook-Pro.local","pid":34710,"level":20,"msg":"Generator: \u001b[35mcategory\u001b[39m","time":"2022-03-19T17:18:51.238Z","v":0}
{"name":"hexo","hostname":"MobrodeMacBook-Pro.local","pid":34710,"level":20,"msg":"Generator: \u001b[35masset\u001b[39m","time":"2022-03-19T17:18:51.239Z","v":0}
{"name":"hexo","hostname":"MobrodeMacBook-Pro.local","pid":34710,"level":30,"msg":"Files loaded in \u001b[36m484 ms\u001b[39m","time":"2022-03-19T17:18:51.245Z","v":0}
{"name":"hexo","hostname":"MobrodeMacBook-Pro.local","pid":34710,"level":40,"msg":"No layout: \u001b[35mabout/index.html\u001b[39m","time":"2022-03-19T17:18:51.263Z","v":0}
{"name":"hexo","hostname":"MobrodeMacBook-Pro.local","pid":34710,"level":40,"msg":"No layout: \u001b[35m2018/12/03/Permission denied (publickey)/index.html\u001b[39m","time":"2022-03-19T17:18:51.263Z","v":0}
{"name":"hexo","hostname":"MobrodeMacBook-Pro.local","pid":34710,"level":40,"msg":"No layout: \u001b[35m2018/12/03/mac 系统自定义命令，定制脚本入门/index.html\u001b[39m","time":"2022-03-19T17:18:51.263Z","v":0}
{"name":"hexo","hostname":"MobrodeMacBook-Pro.local","pid":34710,"level":40,"msg":"No layout: \u001b[35m2018/12/03/node-之-buffer-笔记/index.html\u001b[39m","time":"2022-03-19T17:18:51.263Z","v":0}
{"name":"hexo","hostname":"MobrodeMacBook-Pro.local","pid":34710,"level":40,"msg":"No layout: \u001b[35m2018/12/03/shell script 学习/index.html\u001b[39m","time":"2022-03-19T17:18:51.263Z","v":0}
{"name":"hexo","hostname":"MobrodeMacBook-Pro.local","pid":34710,"level":40,"msg":"No layout: \u001b[35m2018/12/03/通过 ssh 建立本地与 github 的连接/index.html\u001b[39m","time":"2022-03-19T17:18:51.263Z","v":0}
{"name":"hexo","hostname":"MobrodeMacBook-Pro.local","pid":34710,"level":40,"msg":"No layout: \u001b[35m2018/11/05/Error: listen EADDRINUSE :::3000/index.html\u001b[39m","time":"2022-03-19T17:18:51.263Z","v":0}
{"name":"hexo","hostname":"MobrodeMacBook-Pro.local","pid":34710,"level":40,"msg":"No layout: \u001b[35m2018/10/28/Operation not permitted/index.html\u001b[39m","time":"2022-03-19T17:18:51.264Z","v":0}
{"name":"hexo","hostname":"MobrodeMacBook-Pro.local","pid":34710,"level":40,"msg":"No layout: \u001b[35m2018/09/06/stylus入门学习笔记/index.html\u001b[39m","time":"2022-03-19T17:18:51.264Z","v":0}
{"name":"hexo","hostname":"MobrodeMacBook-Pro.local","pid":34710,"level":40,"msg":"No layout: \u001b[35m2018/08/24/vue学习笔记（二）/index.html\u001b[39m","time":"2022-03-19T17:18:51.264Z","v":0}
{"name":"hexo","hostname":"MobrodeMacBook-Pro.local","pid":34710,"level":40,"msg":"No layout: \u001b[35m2018/07/28/js实现千位分隔/index.html\u001b[39m","time":"2022-03-19T17:18:51.265Z","v":0}
{"name":"hexo","hostname":"MobrodeMacBook-Pro.local","pid":34710,"level":40,"msg":"No layout: \u001b[35m2018/07/27/vue学习笔记（一）/index.html\u001b[39m","time":"2022-03-19T17:18:51.265Z","v":0}
{"name":"hexo","hostname":"MobrodeMacBook-Pro.local","pid":34710,"level":40,"msg":"No layout: \u001b[35m2018/07/26/git-pull代码冲突。怪异问题，了解一下/index.html\u001b[39m","time":"2022-03-19T17:18:51.265Z","v":0}
{"name":"hexo","hostname":"MobrodeMacBook-Pro.local","pid":34710,"level":40,"msg":"No layout: \u001b[35m2018/07/20/自己封装myLocalStorage，使其有有效期/index.html\u001b[39m","time":"2022-03-19T17:18:51.266Z","v":0}
{"name":"hexo","hostname":"MobrodeMacBook-Pro.local","pid":34710,"level":40,"msg":"No layout: \u001b[35m2018/06/15/使用scss为css样式自动添加浏览器前缀/index.html\u001b[39m","time":"2022-03-19T17:18:51.266Z","v":0}
{"name":"hexo","hostname":"MobrodeMacBook-Pro.local","pid":34710,"level":40,"msg":"No layout: \u001b[35m2018/06/12/论Object-keys-Object-getOwnPropertyNames-for-in-Object-getOwnPropertySymbol-区别/index.html\u001b[39m","time":"2022-03-19T17:18:51.266Z","v":0}
{"name":"hexo","hostname":"MobrodeMacBook-Pro.local","pid":34710,"level":40,"msg":"No layout: \u001b[35m2018/06/12/程序包无效：“CRX_HEADER_INVALID” 的终极解决方案/index.html\u001b[39m","time":"2022-03-19T17:18:51.267Z","v":0}
{"name":"hexo","hostname":"MobrodeMacBook-Pro.local","pid":34710,"level":40,"msg":"No layout: \u001b[35m2018/06/05/常用的linux命令/index.html\u001b[39m","time":"2022-03-19T17:18:51.267Z","v":0}
{"name":"hexo","hostname":"MobrodeMacBook-Pro.local","pid":34710,"level":40,"msg":"No layout: \u001b[35m2018/06/05/GIT-error-pathspec-xxx-did-not-match-any-file-s-known-to-git/index.html\u001b[39m","time":"2022-03-19T17:18:51.267Z","v":0}
{"name":"hexo","hostname":"MobrodeMacBook-Pro.local","pid":34710,"level":40,"msg":"No layout: \u001b[35m2018/06/01/阿里云搭建大概步骤/index.html\u001b[39m","time":"2022-03-19T17:18:51.267Z","v":0}
{"name":"hexo","hostname":"MobrodeMacBook-Pro.local","pid":34710,"level":40,"msg":"No layout: \u001b[35m2018/05/31/command-not-found-shell-returned-127/index.html\u001b[39m","time":"2022-03-19T17:18:51.267Z","v":0}
{"name":"hexo","hostname":"MobrodeMacBook-Pro.local","pid":34710,"level":40,"msg":"No layout: \u001b[35m2018/05/31/阿里云服务器搭建所遇见问题/index.html\u001b[39m","time":"2022-03-19T17:18:51.267Z","v":0}
{"name":"hexo","hostname":"MobrodeMacBook-Pro.local","pid":34710,"level":40,"msg":"No layout: \u001b[35m2018/05/24/git常用操作命令/index.html\u001b[39m","time":"2022-03-19T17:18:51.267Z","v":0}
{"name":"hexo","hostname":"MobrodeMacBook-Pro.local","pid":34710,"level":40,"msg":"No layout: \u001b[35m2018/05/22/ERR-registry-error-parsing-json/index.html\u001b[39m","time":"2022-03-19T17:18:51.268Z","v":0}
{"name":"hexo","hostname":"MobrodeMacBook-Pro.local","pid":34710,"level":40,"msg":"No layout: \u001b[35m2018/05/17/前端小问题总结/index.html\u001b[39m","time":"2022-03-19T17:18:51.268Z","v":0}
{"name":"hexo","hostname":"MobrodeMacBook-Pro.local","pid":34710,"level":40,"msg":"No layout: \u001b[35m2018/05/17/Jade入门学习/index.html\u001b[39m","time":"2022-03-19T17:18:51.268Z","v":0}
{"name":"hexo","hostname":"MobrodeMacBook-Pro.local","pid":34710,"level":40,"msg":"No layout: \u001b[35marchives/index.html\u001b[39m","time":"2022-03-19T17:18:51.268Z","v":0}
{"name":"hexo","hostname":"MobrodeMacBook-Pro.local","pid":34710,"level":40,"msg":"No layout: \u001b[35marchives/page/2/index.html\u001b[39m","time":"2022-03-19T17:18:51.268Z","v":0}
{"name":"hexo","hostname":"MobrodeMacBook-Pro.local","pid":34710,"level":40,"msg":"No layout: \u001b[35marchives/page/3/index.html\u001b[39m","time":"2022-03-19T17:18:51.268Z","v":0}
{"name":"hexo","hostname":"MobrodeMacBook-Pro.local","pid":34710,"level":40,"msg":"No layout: \u001b[35marchives/2018/index.html\u001b[39m","time":"2022-03-19T17:18:51.268Z","v":0}
{"name":"hexo","hostname":"MobrodeMacBook-Pro.local","pid":34710,"level":40,"msg":"No layout: \u001b[35marchives/2018/page/2/index.html\u001b[39m","time":"2022-03-19T17:18:51.268Z","v":0}
{"name":"hexo","hostname":"MobrodeMacBook-Pro.local","pid":34710,"level":40,"msg":"No layout: \u001b[35marchives/2018/page/3/index.html\u001b[39m","time":"2022-03-19T17:18:51.268Z","v":0}
{"name":"hexo","hostname":"MobrodeMacBook-Pro.local","pid":34710,"level":40,"msg":"No layout: \u001b[35marchives/2018/05/index.html\u001b[39m","time":"2022-03-19T17:18:51.269Z","v":0}
{"name":"hexo","hostname":"MobrodeMacBook-Pro.local","pid":34710,"level":40,"msg":"No layout: \u001b[35marchives/2018/06/index.html\u001b[39m","time":"2022-03-19T17:18:51.269Z","v":0}
{"name":"hexo","hostname":"MobrodeMacBook-Pro.local","pid":34710,"level":40,"msg":"No layout: \u001b[35marchives/2018/07/index.html\u001b[39m","time":"2022-03-19T17:18:51.269Z","v":0}
{"name":"hexo","hostname":"MobrodeMacBook-Pro.local","pid":34710,"level":40,"msg":"No layout: \u001b[35marchives/2018/08/index.html\u001b[39m","time":"2022-03-19T17:18:51.269Z","v":0}
{"name":"hexo","hostname":"MobrodeMacBook-Pro.local","pid":34710,"level":40,"msg":"No layout: \u001b[35marchives/2018/09/index.html\u001b[39m","time":"2022-03-19T17:18:51.269Z","v":0}
{"name":"hexo","hostname":"MobrodeMacBook-Pro.local","pid":34710,"level":40,"msg":"No layout: \u001b[35marchives/2018/10/index.html\u001b[39m","time":"2022-03-19T17:18:51.269Z","v":0}
{"name":"hexo","hostname":"MobrodeMacBook-Pro.local","pid":34710,"level":40,"msg":"No layout: \u001b[35marchives/2018/11/index.html\u001b[39m","time":"2022-03-19T17:18:51.269Z","v":0}
{"name":"hexo","hostname":"MobrodeMacBook-Pro.local","pid":34710,"level":40,"msg":"No layout: \u001b[35marchives/2018/12/index.html\u001b[39m","time":"2022-03-19T17:18:51.270Z","v":0}
{"name":"hexo","hostname":"MobrodeMacBook-Pro.local","pid":34710,"level":40,"msg":"No layout: \u001b[35mindex.html\u001b[39m","time":"2022-03-19T17:18:51.270Z","v":0}
{"name":"hexo","hostname":"MobrodeMacBook-Pro.local","pid":34710,"level":40,"msg":"No layout: \u001b[35mpage/2/index.html\u001b[39m","time":"2022-03-19T17:18:51.270Z","v":0}
{"name":"hexo","hostname":"MobrodeMacBook-Pro.local","pid":34710,"level":40,"msg":"No layout: \u001b[35mpage/3/index.html\u001b[39m","time":"2022-03-19T17:18:51.270Z","v":0}
{"name":"hexo","hostname":"MobrodeMacBook-Pro.local","pid":34710,"level":40,"msg":"No layout: \u001b[35mtags/listen-eaddrinuse/index.html\u001b[39m","time":"2022-03-19T17:18:51.270Z","v":0}
{"name":"hexo","hostname":"MobrodeMacBook-Pro.local","pid":34710,"level":40,"msg":"No layout: \u001b[35mtags/3000/index.html\u001b[39m","time":"2022-03-19T17:18:51.271Z","v":0}
{"name":"hexo","hostname":"MobrodeMacBook-Pro.local","pid":34710,"level":40,"msg":"No layout: \u001b[35mtags/lsof/index.html\u001b[39m","time":"2022-03-19T17:18:51.271Z","v":0}
{"name":"hexo","hostname":"MobrodeMacBook-Pro.local","pid":34710,"level":40,"msg":"No layout: \u001b[35mtags/npm/index.html\u001b[39m","time":"2022-03-19T17:18:51.271Z","v":0}
{"name":"hexo","hostname":"MobrodeMacBook-Pro.local","pid":34710,"level":40,"msg":"No layout: \u001b[35mtags/git/index.html\u001b[39m","time":"2022-03-19T17:18:51.271Z","v":0}
{"name":"hexo","hostname":"MobrodeMacBook-Pro.local","pid":34710,"level":40,"msg":"No layout: \u001b[35mtags/ssh/index.html\u001b[39m","time":"2022-03-19T17:18:51.271Z","v":0}
{"name":"hexo","hostname":"MobrodeMacBook-Pro.local","pid":34710,"level":40,"msg":"No layout: \u001b[35mtags/ques/index.html\u001b[39m","time":"2022-03-19T17:18:51.271Z","v":0}
{"name":"hexo","hostname":"MobrodeMacBook-Pro.local","pid":34710,"level":40,"msg":"No layout: \u001b[35mtags/permission-denied/index.html\u001b[39m","time":"2022-03-19T17:18:51.271Z","v":0}
{"name":"hexo","hostname":"MobrodeMacBook-Pro.local","pid":34710,"level":40,"msg":"No layout: \u001b[35mtags/jade/index.html\u001b[39m","time":"2022-03-19T17:18:51.271Z","v":0}
{"name":"hexo","hostname":"MobrodeMacBook-Pro.local","pid":34710,"level":40,"msg":"No layout: \u001b[35mtags/pug/index.html\u001b[39m","time":"2022-03-19T17:18:51.277Z","v":0}
{"name":"hexo","hostname":"MobrodeMacBook-Pro.local","pid":34710,"level":40,"msg":"No layout: \u001b[35mtags/centos-7/index.html\u001b[39m","time":"2022-03-19T17:18:51.277Z","v":0}
{"name":"hexo","hostname":"MobrodeMacBook-Pro.local","pid":34710,"level":40,"msg":"No layout: \u001b[35mtags/operation-not-permitted/index.html\u001b[39m","time":"2022-03-19T17:18:51.277Z","v":0}
{"name":"hexo","hostname":"MobrodeMacBook-Pro.local","pid":34710,"level":40,"msg":"No layout: \u001b[35mtags/安全防范/index.html\u001b[39m","time":"2022-03-19T17:18:51.278Z","v":0}
{"name":"hexo","hostname":"MobrodeMacBook-Pro.local","pid":34710,"level":40,"msg":"No layout: \u001b[35mtags/js/index.html\u001b[39m","time":"2022-03-19T17:18:51.278Z","v":0}
{"name":"hexo","hostname":"MobrodeMacBook-Pro.local","pid":34710,"level":40,"msg":"No layout: \u001b[35mtags/千位分隔/index.html\u001b[39m","time":"2022-03-19T17:18:51.278Z","v":0}
{"name":"hexo","hostname":"MobrodeMacBook-Pro.local","pid":34710,"level":40,"msg":"No layout: \u001b[35mtags/自定义脚本/index.html\u001b[39m","time":"2022-03-19T17:18:51.278Z","v":0}
{"name":"hexo","hostname":"MobrodeMacBook-Pro.local","pid":34710,"level":40,"msg":"No layout: \u001b[35mtags/linux/index.html\u001b[39m","time":"2022-03-19T17:18:51.279Z","v":0}
{"name":"hexo","hostname":"MobrodeMacBook-Pro.local","pid":34710,"level":40,"msg":"No layout: \u001b[35mtags/mac/index.html\u001b[39m","time":"2022-03-19T17:18:51.279Z","v":0}
{"name":"hexo","hostname":"MobrodeMacBook-Pro.local","pid":34710,"level":40,"msg":"No layout: \u001b[35mtags/alias/index.html\u001b[39m","time":"2022-03-19T17:18:51.279Z","v":0}
{"name":"hexo","hostname":"MobrodeMacBook-Pro.local","pid":34710,"level":40,"msg":"No layout: \u001b[35mtags/bash-profile/index.html\u001b[39m","time":"2022-03-19T17:18:51.279Z","v":0}
{"name":"hexo","hostname":"MobrodeMacBook-Pro.local","pid":34710,"level":40,"msg":"No layout: \u001b[35mtags/node/index.html\u001b[39m","time":"2022-03-19T17:18:51.279Z","v":0}
{"name":"hexo","hostname":"MobrodeMacBook-Pro.local","pid":34710,"level":40,"msg":"No layout: \u001b[35mtags/buffer/index.html\u001b[39m","time":"2022-03-19T17:18:51.279Z","v":0}
{"name":"hexo","hostname":"MobrodeMacBook-Pro.local","pid":34710,"level":40,"msg":"No layout: \u001b[35mtags/stylus/index.html\u001b[39m","time":"2022-03-19T17:18:51.279Z","v":0}
{"name":"hexo","hostname":"MobrodeMacBook-Pro.local","pid":34710,"level":40,"msg":"No layout: \u001b[35mtags/vue/index.html\u001b[39m","time":"2022-03-19T17:18:51.280Z","v":0}
{"name":"hexo","hostname":"MobrodeMacBook-Pro.local","pid":34710,"level":40,"msg":"No layout: \u001b[35mtags/vue-cli/index.html\u001b[39m","time":"2022-03-19T17:18:51.280Z","v":0}
{"name":"hexo","hostname":"MobrodeMacBook-Pro.local","pid":34710,"level":40,"msg":"No layout: \u001b[35mtags/shell/index.html\u001b[39m","time":"2022-03-19T17:18:51.280Z","v":0}
{"name":"hexo","hostname":"MobrodeMacBook-Pro.local","pid":34710,"level":40,"msg":"No layout: \u001b[35mtags/shell-script/index.html\u001b[39m","time":"2022-03-19T17:18:51.280Z","v":0}
{"name":"hexo","hostname":"MobrodeMacBook-Pro.local","pid":34710,"level":40,"msg":"No layout: \u001b[35mtags/scss/index.html\u001b[39m","time":"2022-03-19T17:18:51.280Z","v":0}
{"name":"hexo","hostname":"MobrodeMacBook-Pro.local","pid":34710,"level":40,"msg":"No layout: \u001b[35mtags/前端/index.html\u001b[39m","time":"2022-03-19T17:18:51.280Z","v":0}
{"name":"hexo","hostname":"MobrodeMacBook-Pro.local","pid":34710,"level":40,"msg":"No layout: \u001b[35mtags/localStorage/index.html\u001b[39m","time":"2022-03-19T17:18:51.281Z","v":0}
{"name":"hexo","hostname":"MobrodeMacBook-Pro.local","pid":34710,"level":40,"msg":"No layout: \u001b[35mtags/cookie/index.html\u001b[39m","time":"2022-03-19T17:18:51.281Z","v":0}
{"name":"hexo","hostname":"MobrodeMacBook-Pro.local","pid":34710,"level":40,"msg":"No layout: \u001b[35mtags/console/index.html\u001b[39m","time":"2022-03-19T17:18:51.282Z","v":0}
{"name":"hexo","hostname":"MobrodeMacBook-Pro.local","pid":34710,"level":40,"msg":"No layout: \u001b[35mtags/跨域/index.html\u001b[39m","time":"2022-03-19T17:18:51.282Z","v":0}
{"name":"hexo","hostname":"MobrodeMacBook-Pro.local","pid":34710,"level":40,"msg":"No layout: \u001b[35mtags/阿里云/index.html\u001b[39m","time":"2022-03-19T17:18:51.283Z","v":0}
{"name":"hexo","hostname":"MobrodeMacBook-Pro.local","pid":34710,"level":40,"msg":"No layout: \u001b[35mtags/github/index.html\u001b[39m","time":"2022-03-19T17:18:51.283Z","v":0}
{"name":"hexo","hostname":"MobrodeMacBook-Pro.local","pid":34710,"level":40,"msg":"No layout: \u001b[35mtags/ssh-keygen/index.html\u001b[39m","time":"2022-03-19T17:18:51.284Z","v":0}
{"name":"hexo","hostname":"MobrodeMacBook-Pro.local","pid":34710,"level":40,"msg":"No layout: \u001b[35mtags/es6/index.html\u001b[39m","time":"2022-03-19T17:18:51.284Z","v":0}
{"name":"hexo","hostname":"MobrodeMacBook-Pro.local","pid":34710,"level":40,"msg":"No layout: \u001b[35mtags/os/index.html\u001b[39m","time":"2022-03-19T17:18:51.284Z","v":0}
{"name":"hexo","hostname":"MobrodeMacBook-Pro.local","pid":34710,"level":40,"msg":"No layout: \u001b[35mtags/chrome/index.html\u001b[39m","time":"2022-03-19T17:18:51.284Z","v":0}
{"name":"hexo","hostname":"MobrodeMacBook-Pro.local","pid":34710,"level":30,"msg":"Generated: \u001b[35mindex.html\u001b[39m","time":"2022-03-19T17:18:51.312Z","v":0}
{"name":"hexo","hostname":"MobrodeMacBook-Pro.local","pid":34710,"level":30,"msg":"Generated: \u001b[35mCNAME\u001b[39m","time":"2022-03-19T17:18:51.315Z","v":0}
{"name":"hexo","hostname":"MobrodeMacBook-Pro.local","pid":34710,"level":30,"msg":"Generated: \u001b[35mabout/index.html\u001b[39m","time":"2022-03-19T17:18:51.318Z","v":0}
{"name":"hexo","hostname":"MobrodeMacBook-Pro.local","pid":34710,"level":30,"msg":"Generated: \u001b[35marchives/index.html\u001b[39m","time":"2022-03-19T17:18:51.319Z","v":0}
{"name":"hexo","hostname":"MobrodeMacBook-Pro.local","pid":34710,"level":30,"msg":"Generated: \u001b[35marchives/page/2/index.html\u001b[39m","time":"2022-03-19T17:18:51.322Z","v":0}
{"name":"hexo","hostname":"MobrodeMacBook-Pro.local","pid":34710,"level":30,"msg":"Generated: \u001b[35marchives/2018/05/index.html\u001b[39m","time":"2022-03-19T17:18:51.322Z","v":0}
{"name":"hexo","hostname":"MobrodeMacBook-Pro.local","pid":34710,"level":30,"msg":"Generated: \u001b[35mtags/listen-eaddrinuse/index.html\u001b[39m","time":"2022-03-19T17:18:51.322Z","v":0}
{"name":"hexo","hostname":"MobrodeMacBook-Pro.local","pid":34710,"level":30,"msg":"Generated: \u001b[35mpage/2/index.html\u001b[39m","time":"2022-03-19T17:18:51.322Z","v":0}
{"name":"hexo","hostname":"MobrodeMacBook-Pro.local","pid":34710,"level":30,"msg":"Generated: \u001b[35marchives/page/3/index.html\u001b[39m","time":"2022-03-19T17:18:51.322Z","v":0}
{"name":"hexo","hostname":"MobrodeMacBook-Pro.local","pid":34710,"level":30,"msg":"Generated: \u001b[35marchives/2018/06/index.html\u001b[39m","time":"2022-03-19T17:18:51.323Z","v":0}
{"name":"hexo","hostname":"MobrodeMacBook-Pro.local","pid":34710,"level":30,"msg":"Generated: \u001b[35marchives/2018/08/index.html\u001b[39m","time":"2022-03-19T17:18:51.324Z","v":0}
{"name":"hexo","hostname":"MobrodeMacBook-Pro.local","pid":34710,"level":30,"msg":"Generated: \u001b[35marchives/2018/10/index.html\u001b[39m","time":"2022-03-19T17:18:51.324Z","v":0}
{"name":"hexo","hostname":"MobrodeMacBook-Pro.local","pid":34710,"level":30,"msg":"Generated: \u001b[35marchives/2018/12/index.html\u001b[39m","time":"2022-03-19T17:18:51.324Z","v":0}
{"name":"hexo","hostname":"MobrodeMacBook-Pro.local","pid":34710,"level":30,"msg":"Generated: \u001b[35marchives/2018/11/index.html\u001b[39m","time":"2022-03-19T17:18:51.324Z","v":0}
{"name":"hexo","hostname":"MobrodeMacBook-Pro.local","pid":34710,"level":30,"msg":"Generated: \u001b[35mpage/3/index.html\u001b[39m","time":"2022-03-19T17:18:51.324Z","v":0}
{"name":"hexo","hostname":"MobrodeMacBook-Pro.local","pid":34710,"level":30,"msg":"Generated: \u001b[35mtags/npm/index.html\u001b[39m","time":"2022-03-19T17:18:51.324Z","v":0}
{"name":"hexo","hostname":"MobrodeMacBook-Pro.local","pid":34710,"level":30,"msg":"Generated: \u001b[35marchives/2018/09/index.html\u001b[39m","time":"2022-03-19T17:18:51.325Z","v":0}
{"name":"hexo","hostname":"MobrodeMacBook-Pro.local","pid":34710,"level":30,"msg":"Generated: \u001b[35mtags/jade/index.html\u001b[39m","time":"2022-03-19T17:18:51.325Z","v":0}
{"name":"hexo","hostname":"MobrodeMacBook-Pro.local","pid":34710,"level":30,"msg":"Generated: \u001b[35mtags/3000/index.html\u001b[39m","time":"2022-03-19T17:18:51.325Z","v":0}
{"name":"hexo","hostname":"MobrodeMacBook-Pro.local","pid":34710,"level":30,"msg":"Generated: \u001b[35mtags/permission-denied/index.html\u001b[39m","time":"2022-03-19T17:18:51.325Z","v":0}
{"name":"hexo","hostname":"MobrodeMacBook-Pro.local","pid":34710,"level":30,"msg":"Generated: \u001b[35mtags/git/index.html\u001b[39m","time":"2022-03-19T17:18:51.326Z","v":0}
{"name":"hexo","hostname":"MobrodeMacBook-Pro.local","pid":34710,"level":30,"msg":"Generated: \u001b[35mtags/ques/index.html\u001b[39m","time":"2022-03-19T17:18:51.326Z","v":0}
{"name":"hexo","hostname":"MobrodeMacBook-Pro.local","pid":34710,"level":30,"msg":"Generated: \u001b[35mtags/centos-7/index.html\u001b[39m","time":"2022-03-19T17:18:51.326Z","v":0}
{"name":"hexo","hostname":"MobrodeMacBook-Pro.local","pid":34710,"level":30,"msg":"Generated: \u001b[35marchives/2018/07/index.html\u001b[39m","time":"2022-03-19T17:18:51.326Z","v":0}
{"name":"hexo","hostname":"MobrodeMacBook-Pro.local","pid":34710,"level":30,"msg":"Generated: \u001b[35mtags/linux/index.html\u001b[39m","time":"2022-03-19T17:18:51.326Z","v":0}
{"name":"hexo","hostname":"MobrodeMacBook-Pro.local","pid":34710,"level":30,"msg":"Generated: \u001b[35mtags/安全防范/index.html\u001b[39m","time":"2022-03-19T17:18:51.326Z","v":0}
{"name":"hexo","hostname":"MobrodeMacBook-Pro.local","pid":34710,"level":30,"msg":"Generated: \u001b[35mtags/mac/index.html\u001b[39m","time":"2022-03-19T17:18:51.326Z","v":0}
{"name":"hexo","hostname":"MobrodeMacBook-Pro.local","pid":34710,"level":30,"msg":"Generated: \u001b[35mtags/alias/index.html\u001b[39m","time":"2022-03-19T17:18:51.326Z","v":0}
{"name":"hexo","hostname":"MobrodeMacBook-Pro.local","pid":34710,"level":30,"msg":"Generated: \u001b[35mtags/千位分隔/index.html\u001b[39m","time":"2022-03-19T17:18:51.326Z","v":0}
{"name":"hexo","hostname":"MobrodeMacBook-Pro.local","pid":34710,"level":30,"msg":"Generated: \u001b[35mtags/lsof/index.html\u001b[39m","time":"2022-03-19T17:18:51.326Z","v":0}
{"name":"hexo","hostname":"MobrodeMacBook-Pro.local","pid":34710,"level":30,"msg":"Generated: \u001b[35mtags/operation-not-permitted/index.html\u001b[39m","time":"2022-03-19T17:18:51.326Z","v":0}
{"name":"hexo","hostname":"MobrodeMacBook-Pro.local","pid":34710,"level":30,"msg":"Generated: \u001b[35mtags/自定义脚本/index.html\u001b[39m","time":"2022-03-19T17:18:51.326Z","v":0}
{"name":"hexo","hostname":"MobrodeMacBook-Pro.local","pid":34710,"level":30,"msg":"Generated: \u001b[35marchives/2018/index.html\u001b[39m","time":"2022-03-19T17:18:51.327Z","v":0}
{"name":"hexo","hostname":"MobrodeMacBook-Pro.local","pid":34710,"level":30,"msg":"Generated: \u001b[35mtags/js/index.html\u001b[39m","time":"2022-03-19T17:18:51.327Z","v":0}
{"name":"hexo","hostname":"MobrodeMacBook-Pro.local","pid":34710,"level":30,"msg":"Generated: \u001b[35mtags/bash-profile/index.html\u001b[39m","time":"2022-03-19T17:18:51.327Z","v":0}
{"name":"hexo","hostname":"MobrodeMacBook-Pro.local","pid":34710,"level":30,"msg":"Generated: \u001b[35mtags/buffer/index.html\u001b[39m","time":"2022-03-19T17:18:51.327Z","v":0}
{"name":"hexo","hostname":"MobrodeMacBook-Pro.local","pid":34710,"level":30,"msg":"Generated: \u001b[35mtags/vue-cli/index.html\u001b[39m","time":"2022-03-19T17:18:51.327Z","v":0}
{"name":"hexo","hostname":"MobrodeMacBook-Pro.local","pid":34710,"level":30,"msg":"Generated: \u001b[35mtags/vue/index.html\u001b[39m","time":"2022-03-19T17:18:51.327Z","v":0}
{"name":"hexo","hostname":"MobrodeMacBook-Pro.local","pid":34710,"level":30,"msg":"Generated: \u001b[35mtags/shell/index.html\u001b[39m","time":"2022-03-19T17:18:51.327Z","v":0}
{"name":"hexo","hostname":"MobrodeMacBook-Pro.local","pid":34710,"level":30,"msg":"Generated: \u001b[35mtags/stylus/index.html\u001b[39m","time":"2022-03-19T17:18:51.327Z","v":0}
{"name":"hexo","hostname":"MobrodeMacBook-Pro.local","pid":34710,"level":30,"msg":"Generated: \u001b[35mtags/scss/index.html\u001b[39m","time":"2022-03-19T17:18:51.327Z","v":0}
{"name":"hexo","hostname":"MobrodeMacBook-Pro.local","pid":34710,"level":30,"msg":"Generated: \u001b[35mtags/前端/index.html\u001b[39m","time":"2022-03-19T17:18:51.327Z","v":0}
{"name":"hexo","hostname":"MobrodeMacBook-Pro.local","pid":34710,"level":30,"msg":"Generated: \u001b[35mtags/node/index.html\u001b[39m","time":"2022-03-19T17:18:51.327Z","v":0}
{"name":"hexo","hostname":"MobrodeMacBook-Pro.local","pid":34710,"level":30,"msg":"Generated: \u001b[35mtags/localStorage/index.html\u001b[39m","time":"2022-03-19T17:18:51.327Z","v":0}
{"name":"hexo","hostname":"MobrodeMacBook-Pro.local","pid":34710,"level":30,"msg":"Generated: \u001b[35mtags/cookie/index.html\u001b[39m","time":"2022-03-19T17:18:51.327Z","v":0}
{"name":"hexo","hostname":"MobrodeMacBook-Pro.local","pid":34710,"level":30,"msg":"Generated: \u001b[35mtags/跨域/index.html\u001b[39m","time":"2022-03-19T17:18:51.328Z","v":0}
{"name":"hexo","hostname":"MobrodeMacBook-Pro.local","pid":34710,"level":30,"msg":"Generated: \u001b[35mtags/shell-script/index.html\u001b[39m","time":"2022-03-19T17:18:51.328Z","v":0}
{"name":"hexo","hostname":"MobrodeMacBook-Pro.local","pid":34710,"level":30,"msg":"Generated: \u001b[35mtags/github/index.html\u001b[39m","time":"2022-03-19T17:18:51.328Z","v":0}
{"name":"hexo","hostname":"MobrodeMacBook-Pro.local","pid":34710,"level":30,"msg":"Generated: \u001b[35mtags/console/index.html\u001b[39m","time":"2022-03-19T17:18:51.328Z","v":0}
{"name":"hexo","hostname":"MobrodeMacBook-Pro.local","pid":34710,"level":30,"msg":"Generated: \u001b[35mtags/阿里云/index.html\u001b[39m","time":"2022-03-19T17:18:51.328Z","v":0}
{"name":"hexo","hostname":"MobrodeMacBook-Pro.local","pid":34710,"level":30,"msg":"Generated: \u001b[35mtags/ssh/index.html\u001b[39m","time":"2022-03-19T17:18:51.328Z","v":0}
{"name":"hexo","hostname":"MobrodeMacBook-Pro.local","pid":34710,"level":30,"msg":"Generated: \u001b[35mtags/pug/index.html\u001b[39m","time":"2022-03-19T17:18:51.328Z","v":0}
{"name":"hexo","hostname":"MobrodeMacBook-Pro.local","pid":34710,"level":30,"msg":"Generated: \u001b[35mtags/es6/index.html\u001b[39m","time":"2022-03-19T17:18:51.328Z","v":0}
{"name":"hexo","hostname":"MobrodeMacBook-Pro.local","pid":34710,"level":30,"msg":"Generated: \u001b[35mtags/chrome/index.html\u001b[39m","time":"2022-03-19T17:18:51.328Z","v":0}
{"name":"hexo","hostname":"MobrodeMacBook-Pro.local","pid":34710,"level":30,"msg":"Generated: \u001b[35mtags/ssh-keygen/index.html\u001b[39m","time":"2022-03-19T17:18:51.328Z","v":0}
{"name":"hexo","hostname":"MobrodeMacBook-Pro.local","pid":34710,"level":30,"msg":"Generated: \u001b[35mimages/201806/WX20180605-100532.png\u001b[39m","time":"2022-03-19T17:18:51.329Z","v":0}
{"name":"hexo","hostname":"MobrodeMacBook-Pro.local","pid":34710,"level":30,"msg":"Generated: \u001b[35mtags/os/index.html\u001b[39m","time":"2022-03-19T17:18:51.329Z","v":0}
{"name":"hexo","hostname":"MobrodeMacBook-Pro.local","pid":34710,"level":30,"msg":"Generated: \u001b[35mimages/201807/WX20180727-180222.png\u001b[39m","time":"2022-03-19T17:18:51.330Z","v":0}
{"name":"hexo","hostname":"MobrodeMacBook-Pro.local","pid":34710,"level":30,"msg":"Generated: \u001b[35mimages/201812/20181128150414641.png\u001b[39m","time":"2022-03-19T17:18:51.330Z","v":0}
{"name":"hexo","hostname":"MobrodeMacBook-Pro.local","pid":34710,"level":30,"msg":"Generated: \u001b[35mimages/aliyun/WX20180531-155652.png\u001b[39m","time":"2022-03-19T17:18:51.330Z","v":0}
{"name":"hexo","hostname":"MobrodeMacBook-Pro.local","pid":34710,"level":30,"msg":"Generated: \u001b[35mimages/201812/20181113104748419.png\u001b[39m","time":"2022-03-19T17:18:51.332Z","v":0}
{"name":"hexo","hostname":"MobrodeMacBook-Pro.local","pid":34710,"level":30,"msg":"Generated: \u001b[35mimages/201812/20181128150845751.png\u001b[39m","time":"2022-03-19T17:18:51.333Z","v":0}
{"name":"hexo","hostname":"MobrodeMacBook-Pro.local","pid":34710,"level":30,"msg":"Generated: \u001b[35mimages/aliyun/WX20180601-105924.png\u001b[39m","time":"2022-03-19T17:18:51.333Z","v":0}
{"name":"hexo","hostname":"MobrodeMacBook-Pro.local","pid":34710,"level":30,"msg":"Generated: \u001b[35mimages/aliyun/WX20180531-180301.png\u001b[39m","time":"2022-03-19T17:18:51.334Z","v":0}
{"name":"hexo","hostname":"MobrodeMacBook-Pro.local","pid":34710,"level":30,"msg":"Generated: \u001b[35mimages/aliyun/WX20180531-160800.png\u001b[39m","time":"2022-03-19T17:18:51.334Z","v":0}
{"name":"hexo","hostname":"MobrodeMacBook-Pro.local","pid":34710,"level":30,"msg":"Generated: \u001b[35mimages/201807/WX20180727-182035.png\u001b[39m","time":"2022-03-19T17:18:51.334Z","v":0}
{"name":"hexo","hostname":"MobrodeMacBook-Pro.local","pid":34710,"level":30,"msg":"Generated: \u001b[35marchives/2018/page/2/index.html\u001b[39m","time":"2022-03-19T17:18:51.335Z","v":0}
{"name":"hexo","hostname":"MobrodeMacBook-Pro.local","pid":34710,"level":30,"msg":"Generated: \u001b[35marchives/2018/page/3/index.html\u001b[39m","time":"2022-03-19T17:18:51.335Z","v":0}
{"name":"hexo","hostname":"MobrodeMacBook-Pro.local","pid":34710,"level":30,"msg":"Generated: \u001b[35mimages/201806/WX20180615-115151.png\u001b[39m","time":"2022-03-19T17:18:51.335Z","v":0}
{"name":"hexo","hostname":"MobrodeMacBook-Pro.local","pid":34710,"level":30,"msg":"Generated: \u001b[35mimages/201806/WX20180605-100350.png\u001b[39m","time":"2022-03-19T17:18:51.336Z","v":0}
{"name":"hexo","hostname":"MobrodeMacBook-Pro.local","pid":34710,"level":30,"msg":"Generated: \u001b[35mimages/201807/WX20180824-114924.png\u001b[39m","time":"2022-03-19T17:18:51.336Z","v":0}
{"name":"hexo","hostname":"MobrodeMacBook-Pro.local","pid":34710,"level":30,"msg":"Generated: \u001b[35mimages/201807/WX20180727-183148.png\u001b[39m","time":"2022-03-19T17:18:51.336Z","v":0}
{"name":"hexo","hostname":"MobrodeMacBook-Pro.local","pid":34710,"level":30,"msg":"Generated: \u001b[35mimages/201806/WX20180615-143708.png\u001b[39m","time":"2022-03-19T17:18:51.336Z","v":0}
{"name":"hexo","hostname":"MobrodeMacBook-Pro.local","pid":34710,"level":30,"msg":"Generated: \u001b[35mimages/201812/20181108175706218.png\u001b[39m","time":"2022-03-19T17:18:51.336Z","v":0}
{"name":"hexo","hostname":"MobrodeMacBook-Pro.local","pid":34710,"level":30,"msg":"Generated: \u001b[35mimages/201807/WX20180727-182015.png\u001b[39m","time":"2022-03-19T17:18:51.336Z","v":0}
{"name":"hexo","hostname":"MobrodeMacBook-Pro.local","pid":34710,"level":30,"msg":"Generated: \u001b[35mimages/aliyun/WX20180531-161602.png\u001b[39m","time":"2022-03-19T17:18:51.336Z","v":0}
{"name":"hexo","hostname":"MobrodeMacBook-Pro.local","pid":34710,"level":30,"msg":"Generated: \u001b[35mimages/201807/WX20180807-110131.png\u001b[39m","time":"2022-03-19T17:18:51.337Z","v":0}
{"name":"hexo","hostname":"MobrodeMacBook-Pro.local","pid":34710,"level":30,"msg":"Generated: \u001b[35mimages/201812/20181112183240688.png\u001b[39m","time":"2022-03-19T17:18:51.337Z","v":0}
{"name":"hexo","hostname":"MobrodeMacBook-Pro.local","pid":34710,"level":30,"msg":"Generated: \u001b[35m2018/12/03/Permission denied (publickey)/index.html\u001b[39m","time":"2022-03-19T17:18:51.337Z","v":0}
{"name":"hexo","hostname":"MobrodeMacBook-Pro.local","pid":34710,"level":30,"msg":"Generated: \u001b[35m2018/10/28/Operation not permitted/index.html\u001b[39m","time":"2022-03-19T17:18:51.337Z","v":0}
{"name":"hexo","hostname":"MobrodeMacBook-Pro.local","pid":34710,"level":30,"msg":"Generated: \u001b[35m2018/11/05/Error: listen EADDRINUSE :::3000/index.html\u001b[39m","time":"2022-03-19T17:18:51.337Z","v":0}
{"name":"hexo","hostname":"MobrodeMacBook-Pro.local","pid":34710,"level":30,"msg":"Generated: \u001b[35m2018/07/27/vue学习笔记（一）/index.html\u001b[39m","time":"2022-03-19T17:18:51.338Z","v":0}
{"name":"hexo","hostname":"MobrodeMacBook-Pro.local","pid":34710,"level":30,"msg":"Generated: \u001b[35m2018/05/31/阿里云服务器搭建所遇见问题/index.html\u001b[39m","time":"2022-03-19T17:18:51.338Z","v":0}
{"name":"hexo","hostname":"MobrodeMacBook-Pro.local","pid":34710,"level":30,"msg":"Generated: \u001b[35m2018/06/12/论Object-keys-Object-getOwnPropertyNames-for-in-Object-getOwnPropertySymbol-区别/index.html\u001b[39m","time":"2022-03-19T17:18:51.338Z","v":0}
{"name":"hexo","hostname":"MobrodeMacBook-Pro.local","pid":34710,"level":30,"msg":"Generated: \u001b[35m2018/08/24/vue学习笔记（二）/index.html\u001b[39m","time":"2022-03-19T17:18:51.338Z","v":0}
{"name":"hexo","hostname":"MobrodeMacBook-Pro.local","pid":34710,"level":30,"msg":"Generated: \u001b[35m2018/07/28/js实现千位分隔/index.html\u001b[39m","time":"2022-03-19T17:18:51.338Z","v":0}
{"name":"hexo","hostname":"MobrodeMacBook-Pro.local","pid":34710,"level":30,"msg":"Generated: \u001b[35m2018/07/26/git-pull代码冲突。怪异问题，了解一下/index.html\u001b[39m","time":"2022-03-19T17:18:51.339Z","v":0}
{"name":"hexo","hostname":"MobrodeMacBook-Pro.local","pid":34710,"level":30,"msg":"Generated: \u001b[35m2018/07/20/自己封装myLocalStorage，使其有有效期/index.html\u001b[39m","time":"2022-03-19T17:18:51.339Z","v":0}
{"name":"hexo","hostname":"MobrodeMacBook-Pro.local","pid":34710,"level":30,"msg":"Generated: \u001b[35m2018/12/03/mac 系统自定义命令，定制脚本入门/index.html\u001b[39m","time":"2022-03-19T17:18:51.339Z","v":0}
{"name":"hexo","hostname":"MobrodeMacBook-Pro.local","pid":34710,"level":30,"msg":"Generated: \u001b[35m2018/09/06/stylus入门学习笔记/index.html\u001b[39m","time":"2022-03-19T17:18:51.339Z","v":0}
{"name":"hexo","hostname":"MobrodeMacBook-Pro.local","pid":34710,"level":30,"msg":"Generated: \u001b[35m2018/06/12/程序包无效：“CRX_HEADER_INVALID” 的终极解决方案/index.html\u001b[39m","time":"2022-03-19T17:18:51.339Z","v":0}
{"name":"hexo","hostname":"MobrodeMacBook-Pro.local","pid":34710,"level":30,"msg":"Generated: \u001b[35m2018/12/03/shell script 学习/index.html\u001b[39m","time":"2022-03-19T17:18:51.340Z","v":0}
{"name":"hexo","hostname":"MobrodeMacBook-Pro.local","pid":34710,"level":30,"msg":"Generated: \u001b[35m2018/12/03/node-之-buffer-笔记/index.html\u001b[39m","time":"2022-03-19T17:18:51.340Z","v":0}
{"name":"hexo","hostname":"MobrodeMacBook-Pro.local","pid":34710,"level":30,"msg":"Generated: \u001b[35m2018/06/15/使用scss为css样式自动添加浏览器前缀/index.html\u001b[39m","time":"2022-03-19T17:18:51.340Z","v":0}
{"name":"hexo","hostname":"MobrodeMacBook-Pro.local","pid":34710,"level":30,"msg":"Generated: \u001b[35m2018/06/01/阿里云搭建大概步骤/index.html\u001b[39m","time":"2022-03-19T17:18:51.340Z","v":0}
{"name":"hexo","hostname":"MobrodeMacBook-Pro.local","pid":34710,"level":30,"msg":"Generated: \u001b[35m2018/05/17/前端小问题总结/index.html\u001b[39m","time":"2022-03-19T17:18:51.341Z","v":0}
{"name":"hexo","hostname":"MobrodeMacBook-Pro.local","pid":34710,"level":30,"msg":"Generated: \u001b[35m2018/06/05/常用的linux命令/index.html\u001b[39m","time":"2022-03-19T17:18:51.341Z","v":0}
{"name":"hexo","hostname":"MobrodeMacBook-Pro.local","pid":34710,"level":30,"msg":"Generated: \u001b[35m2018/12/03/通过 ssh 建立本地与 github 的连接/index.html\u001b[39m","time":"2022-03-19T17:18:51.341Z","v":0}
{"name":"hexo","hostname":"MobrodeMacBook-Pro.local","pid":34710,"level":30,"msg":"Generated: \u001b[35m2018/05/31/command-not-found-shell-returned-127/index.html\u001b[39m","time":"2022-03-19T17:18:51.341Z","v":0}
{"name":"hexo","hostname":"MobrodeMacBook-Pro.local","pid":34710,"level":30,"msg":"Generated: \u001b[35m2018/05/22/ERR-registry-error-parsing-json/index.html\u001b[39m","time":"2022-03-19T17:18:51.341Z","v":0}
{"name":"hexo","hostname":"MobrodeMacBook-Pro.local","pid":34710,"level":30,"msg":"Generated: \u001b[35m2018/05/17/Jade入门学习/index.html\u001b[39m","time":"2022-03-19T17:18:51.341Z","v":0}
{"name":"hexo","hostname":"MobrodeMacBook-Pro.local","pid":34710,"level":30,"msg":"Generated: \u001b[35m2018/05/24/git常用操作命令/index.html\u001b[39m","time":"2022-03-19T17:18:51.341Z","v":0}
{"name":"hexo","hostname":"MobrodeMacBook-Pro.local","pid":34710,"level":30,"msg":"Generated: \u001b[35m2018/06/05/GIT-error-pathspec-xxx-did-not-match-any-file-s-known-to-git/index.html\u001b[39m","time":"2022-03-19T17:18:51.342Z","v":0}
{"name":"hexo","hostname":"MobrodeMacBook-Pro.local","pid":34710,"level":30,"msg":"103 files generated in \u001b[36m97 ms\u001b[39m","time":"2022-03-19T17:18:51.342Z","v":0}
{"name":"hexo","hostname":"MobrodeMacBook-Pro.local","pid":34710,"level":20,"msg":"Database saved","time":"2022-03-19T17:18:51.360Z","v":0}
{"name":"hexo","hostname":"MobrodeMacBook-Pro.local","pid":34830,"level":20,"msg":"Hexo version: \u001b[35m3.7.1\u001b[39m","time":"2022-03-19T17:21:48.188Z","v":0}
{"name":"hexo","hostname":"MobrodeMacBook-Pro.local","pid":34830,"level":20,"msg":"Working directory: \u001b[35m~/mobro.site/MobroChu.github.io/\u001b[39m","time":"2022-03-19T17:21:48.191Z","v":0}
{"name":"hexo","hostname":"MobrodeMacBook-Pro.local","pid":34830,"level":20,"msg":"Config loaded: \u001b[35m~/mobro.site/MobroChu.github.io/_config.yml\u001b[39m","time":"2022-03-19T17:21:48.320Z","v":0}
{"name":"hexo","hostname":"MobrodeMacBook-Pro.local","pid":34830,"level":20,"msg":"Plugin loaded: \u001b[35mhexo-generator-archive\u001b[39m","time":"2022-03-19T17:21:48.343Z","v":0}
{"name":"hexo","hostname":"MobrodeMacBook-Pro.local","pid":34830,"level":20,"msg":"Plugin loaded: \u001b[35mhexo-deployer-git\u001b[39m","time":"2022-03-19T17:21:48.374Z","v":0}
{"name":"hexo","hostname":"MobrodeMacBook-Pro.local","pid":34830,"level":20,"msg":"Plugin loaded: \u001b[35mhexo-generator-index\u001b[39m","time":"2022-03-19T17:21:48.378Z","v":0}
{"name":"hexo","hostname":"MobrodeMacBook-Pro.local","pid":34830,"level":20,"msg":"Plugin loaded: \u001b[35mhexo-generator-category\u001b[39m","time":"2022-03-19T17:21:48.381Z","v":0}
{"name":"hexo","hostname":"MobrodeMacBook-Pro.local","pid":34830,"level":20,"msg":"Plugin loaded: \u001b[35mhexo-renderer-ejs\u001b[39m","time":"2022-03-19T17:21:48.385Z","v":0}
{"name":"hexo","hostname":"MobrodeMacBook-Pro.local","pid":34830,"level":20,"msg":"Plugin loaded: \u001b[35mhexo-generator-tag\u001b[39m","time":"2022-03-19T17:21:48.386Z","v":0}
{"name":"hexo","hostname":"MobrodeMacBook-Pro.local","pid":34830,"level":20,"msg":"Plugin loaded: \u001b[35mhexo-renderer-pug\u001b[39m","time":"2022-03-19T17:21:48.765Z","v":0}
{"name":"hexo","hostname":"MobrodeMacBook-Pro.local","pid":34830,"level":20,"msg":"Plugin loaded: \u001b[35mhexo-renderer-marked\u001b[39m","time":"2022-03-19T17:21:48.771Z","v":0}
{"name":"hexo","hostname":"MobrodeMacBook-Pro.local","pid":34830,"level":20,"msg":"Plugin loaded: \u001b[35mhexo-renderer-sass\u001b[39m","time":"2022-03-19T17:21:48.881Z","v":0}
{"name":"hexo","hostname":"MobrodeMacBook-Pro.local","pid":34830,"level":20,"msg":"Plugin loaded: \u001b[35mhexo-server\u001b[39m","time":"2022-03-19T17:21:49.006Z","v":0}
{"name":"hexo","hostname":"MobrodeMacBook-Pro.local","pid":34830,"level":20,"msg":"Plugin loaded: \u001b[35mhexo-renderer-stylus\u001b[39m","time":"2022-03-19T17:21:49.007Z","v":0}
{"name":"hexo","hostname":"MobrodeMacBook-Pro.local","pid":34830,"level":20,"msg":"Loading database.","time":"2022-03-19T17:21:49.009Z","v":0}
{"name":"hexo","hostname":"MobrodeMacBook-Pro.local","pid":34830,"level":30,"msg":"Start processing","time":"2022-03-19T17:21:49.101Z","v":0}
{"name":"hexo","hostname":"MobrodeMacBook-Pro.local","pid":34830,"level":20,"msg":"Processed: \u001b[35mCNAME\u001b[39m","time":"2022-03-19T17:21:49.121Z","v":0}
{"name":"hexo","hostname":"MobrodeMacBook-Pro.local","pid":34830,"level":20,"msg":"Processed: \u001b[35m_posts/ERR-registry-error-parsing-json.md\u001b[39m","time":"2022-03-19T17:21:49.147Z","v":0}
{"name":"hexo","hostname":"MobrodeMacBook-Pro.local","pid":34830,"level":20,"msg":"Processed: \u001b[35m_posts/GIT-error-pathspec-xxx-did-not-match-any-file-s-known-to-git.md\u001b[39m","time":"2022-03-19T17:21:49.147Z","v":0}
{"name":"hexo","hostname":"MobrodeMacBook-Pro.local","pid":34830,"level":20,"msg":"Processed: \u001b[35m_posts/Error: listen EADDRINUSE :::3000.md\u001b[39m","time":"2022-03-19T17:21:49.147Z","v":0}
{"name":"hexo","hostname":"MobrodeMacBook-Pro.local","pid":34830,"level":20,"msg":"Processed: \u001b[35m_posts/Jade入门学习.md\u001b[39m","time":"2022-03-19T17:21:49.147Z","v":0}
{"name":"hexo","hostname":"MobrodeMacBook-Pro.local","pid":34830,"level":20,"msg":"Processed: \u001b[35m_posts/Permission denied (publickey).md\u001b[39m","time":"2022-03-19T17:21:49.147Z","v":0}
{"name":"hexo","hostname":"MobrodeMacBook-Pro.local","pid":34830,"level":20,"msg":"Processed: \u001b[35m_posts/command-not-found-shell-returned-127.md\u001b[39m","time":"2022-03-19T17:21:49.147Z","v":0}
{"name":"hexo","hostname":"MobrodeMacBook-Pro.local","pid":34830,"level":20,"msg":"Processed: \u001b[35m_posts/git-pull代码冲突。怪异问题，了解一下.md\u001b[39m","time":"2022-03-19T17:21:49.147Z","v":0}
{"name":"hexo","hostname":"MobrodeMacBook-Pro.local","pid":34830,"level":20,"msg":"Processed: \u001b[35m_posts/Operation not permitted.md\u001b[39m","time":"2022-03-19T17:21:49.147Z","v":0}
{"name":"hexo","hostname":"MobrodeMacBook-Pro.local","pid":34830,"level":20,"msg":"Processed: \u001b[35m_posts/mac 系统自定义命令，定制脚本入门.md\u001b[39m","time":"2022-03-19T17:21:49.148Z","v":0}
{"name":"hexo","hostname":"MobrodeMacBook-Pro.local","pid":34830,"level":20,"msg":"Processed: \u001b[35m_posts/git常用操作命令.md\u001b[39m","time":"2022-03-19T17:21:49.148Z","v":0}
{"name":"hexo","hostname":"MobrodeMacBook-Pro.local","pid":34830,"level":20,"msg":"Processed: \u001b[35m_posts/node-之-buffer-笔记.md\u001b[39m","time":"2022-03-19T17:21:49.148Z","v":0}
{"name":"hexo","hostname":"MobrodeMacBook-Pro.local","pid":34830,"level":20,"msg":"Processed: \u001b[35m_posts/js实现千位分隔.md\u001b[39m","time":"2022-03-19T17:21:49.148Z","v":0}
{"name":"hexo","hostname":"MobrodeMacBook-Pro.local","pid":34830,"level":20,"msg":"Processed: \u001b[35m_posts/shell script 学习.md\u001b[39m","time":"2022-03-19T17:21:49.148Z","v":0}
{"name":"hexo","hostname":"MobrodeMacBook-Pro.local","pid":34830,"level":20,"msg":"Processed: \u001b[35m_posts/stylus入门学习笔记.md\u001b[39m","time":"2022-03-19T17:21:49.148Z","v":0}
{"name":"hexo","hostname":"MobrodeMacBook-Pro.local","pid":34830,"level":20,"msg":"Processed: \u001b[35m_posts/vue学习笔记（一）.md\u001b[39m","time":"2022-03-19T17:21:49.148Z","v":0}
{"name":"hexo","hostname":"MobrodeMacBook-Pro.local","pid":34830,"level":20,"msg":"Processed: \u001b[35m_posts/前端小问题总结.md\u001b[39m","time":"2022-03-19T17:21:49.148Z","v":0}
{"name":"hexo","hostname":"MobrodeMacBook-Pro.local","pid":34830,"level":20,"msg":"Processed: \u001b[35m_posts/使用scss为css样式自动添加浏览器前缀.md\u001b[39m","time":"2022-03-19T17:21:49.148Z","v":0}
{"name":"hexo","hostname":"MobrodeMacBook-Pro.local","pid":34830,"level":20,"msg":"Processed: \u001b[35m_posts/vue学习笔记（二）.md\u001b[39m","time":"2022-03-19T17:21:49.148Z","v":0}
{"name":"hexo","hostname":"MobrodeMacBook-Pro.local","pid":34830,"level":20,"msg":"Processed: \u001b[35m_posts/常用的linux命令.md\u001b[39m","time":"2022-03-19T17:21:49.148Z","v":0}
{"name":"hexo","hostname":"MobrodeMacBook-Pro.local","pid":34830,"level":20,"msg":"Processed: \u001b[35m_posts/阿里云搭建大概步骤.md\u001b[39m","time":"2022-03-19T17:21:49.148Z","v":0}
{"name":"hexo","hostname":"MobrodeMacBook-Pro.local","pid":34830,"level":20,"msg":"Processed: \u001b[35m_posts/自己封装myLocalStorage，使其有有效期.md\u001b[39m","time":"2022-03-19T17:21:49.148Z","v":0}
{"name":"hexo","hostname":"MobrodeMacBook-Pro.local","pid":34830,"level":20,"msg":"Processed: \u001b[35m_posts/论Object-keys-Object-getOwnPropertyNames-for-in-Object-getOwnPropertySymbol-区别.md\u001b[39m","time":"2022-03-19T17:21:49.149Z","v":0}
{"name":"hexo","hostname":"MobrodeMacBook-Pro.local","pid":34830,"level":20,"msg":"Processed: \u001b[35m_posts/通过 ssh 建立本地与 github 的连接.md\u001b[39m","time":"2022-03-19T17:21:49.149Z","v":0}
{"name":"hexo","hostname":"MobrodeMacBook-Pro.local","pid":34830,"level":20,"msg":"Processed: \u001b[35m_posts/阿里云服务器搭建所遇见问题.md\u001b[39m","time":"2022-03-19T17:21:49.149Z","v":0}
{"name":"hexo","hostname":"MobrodeMacBook-Pro.local","pid":34830,"level":20,"msg":"Processed: \u001b[35mabout/index.md\u001b[39m","time":"2022-03-19T17:21:49.149Z","v":0}
{"name":"hexo","hostname":"MobrodeMacBook-Pro.local","pid":34830,"level":20,"msg":"Processed: \u001b[35mimages/201806/WX20180615-143708.png\u001b[39m","time":"2022-03-19T17:21:49.156Z","v":0}
{"name":"hexo","hostname":"MobrodeMacBook-Pro.local","pid":34830,"level":20,"msg":"Processed: \u001b[35mimages/201806/WX20180615-115151.png\u001b[39m","time":"2022-03-19T17:21:49.156Z","v":0}
{"name":"hexo","hostname":"MobrodeMacBook-Pro.local","pid":34830,"level":20,"msg":"Processed: \u001b[35mimages/201807/WX20180727-182015.png\u001b[39m","time":"2022-03-19T17:21:49.156Z","v":0}
{"name":"hexo","hostname":"MobrodeMacBook-Pro.local","pid":34830,"level":20,"msg":"Processed: \u001b[35mimages/201807/WX20180727-180222.png\u001b[39m","time":"2022-03-19T17:21:49.157Z","v":0}
{"name":"hexo","hostname":"MobrodeMacBook-Pro.local","pid":34830,"level":20,"msg":"Processed: \u001b[35mimages/201807/WX20180727-183148.png\u001b[39m","time":"2022-03-19T17:21:49.157Z","v":0}
{"name":"hexo","hostname":"MobrodeMacBook-Pro.local","pid":34830,"level":20,"msg":"Processed: \u001b[35mimages/201806/WX20180605-100532.png\u001b[39m","time":"2022-03-19T17:21:49.157Z","v":0}
{"name":"hexo","hostname":"MobrodeMacBook-Pro.local","pid":34830,"level":20,"msg":"Processed: \u001b[35mimages/201807/WX20180807-110131.png\u001b[39m","time":"2022-03-19T17:21:49.157Z","v":0}
{"name":"hexo","hostname":"MobrodeMacBook-Pro.local","pid":34830,"level":20,"msg":"Processed: \u001b[35mimages/201807/WX20180824-114924.png\u001b[39m","time":"2022-03-19T17:21:49.158Z","v":0}
{"name":"hexo","hostname":"MobrodeMacBook-Pro.local","pid":34830,"level":20,"msg":"Processed: \u001b[35mimages/201812/20181108175706218.png\u001b[39m","time":"2022-03-19T17:21:49.158Z","v":0}
{"name":"hexo","hostname":"MobrodeMacBook-Pro.local","pid":34830,"level":20,"msg":"Processed: \u001b[35mimages/201812/20181128150414641.png\u001b[39m","time":"2022-03-19T17:21:49.158Z","v":0}
{"name":"hexo","hostname":"MobrodeMacBook-Pro.local","pid":34830,"level":20,"msg":"Processed: \u001b[35mimages/201812/20181113104748419.png\u001b[39m","time":"2022-03-19T17:21:49.158Z","v":0}
{"name":"hexo","hostname":"MobrodeMacBook-Pro.local","pid":34830,"level":20,"msg":"Processed: \u001b[35mimages/201812/20181128150845751.png\u001b[39m","time":"2022-03-19T17:21:49.159Z","v":0}
{"name":"hexo","hostname":"MobrodeMacBook-Pro.local","pid":34830,"level":20,"msg":"Processed: \u001b[35mimages/aliyun/WX20180531-155652.png\u001b[39m","time":"2022-03-19T17:21:49.159Z","v":0}
{"name":"hexo","hostname":"MobrodeMacBook-Pro.local","pid":34830,"level":20,"msg":"Processed: \u001b[35mimages/aliyun/WX20180531-160800.png\u001b[39m","time":"2022-03-19T17:21:49.160Z","v":0}
{"name":"hexo","hostname":"MobrodeMacBook-Pro.local","pid":34830,"level":20,"msg":"Processed: \u001b[35mimages/aliyun/WX20180531-180301.png\u001b[39m","time":"2022-03-19T17:21:49.160Z","v":0}
{"name":"hexo","hostname":"MobrodeMacBook-Pro.local","pid":34830,"level":20,"msg":"Processed: \u001b[35mimages/aliyun/WX20180601-105924.png\u001b[39m","time":"2022-03-19T17:21:49.160Z","v":0}
{"name":"hexo","hostname":"MobrodeMacBook-Pro.local","pid":34830,"level":20,"msg":"Processed: \u001b[35mimages/201806/WX20180605-100350.png\u001b[39m","time":"2022-03-19T17:21:49.162Z","v":0}
{"name":"hexo","hostname":"MobrodeMacBook-Pro.local","pid":34830,"level":20,"msg":"Processed: \u001b[35mimages/aliyun/WX20180531-161602.png\u001b[39m","time":"2022-03-19T17:21:49.162Z","v":0}
{"name":"hexo","hostname":"MobrodeMacBook-Pro.local","pid":34830,"level":20,"msg":"Processed: \u001b[35mimages/201807/WX20180727-182035.png\u001b[39m","time":"2022-03-19T17:21:49.163Z","v":0}
{"name":"hexo","hostname":"MobrodeMacBook-Pro.local","pid":34830,"level":20,"msg":"Processed: \u001b[35mimages/201812/20181112183240688.png\u001b[39m","time":"2022-03-19T17:21:49.163Z","v":0}
{"name":"hexo","hostname":"MobrodeMacBook-Pro.local","pid":34830,"level":20,"msg":"Processed: \u001b[35m_posts/程序包无效：“CRX_HEADER_INVALID” 的终极解决方案.md\u001b[39m","time":"2022-03-19T17:21:49.165Z","v":0}
{"name":"hexo","hostname":"MobrodeMacBook-Pro.local","pid":34830,"level":20,"msg":"Generator: \u001b[35mpage\u001b[39m","time":"2022-03-19T17:21:49.193Z","v":0}
{"name":"hexo","hostname":"MobrodeMacBook-Pro.local","pid":34830,"level":20,"msg":"Generator: \u001b[35mpost\u001b[39m","time":"2022-03-19T17:21:49.193Z","v":0}
{"name":"hexo","hostname":"MobrodeMacBook-Pro.local","pid":34830,"level":20,"msg":"Generator: \u001b[35marchive\u001b[39m","time":"2022-03-19T17:21:49.194Z","v":0}
{"name":"hexo","hostname":"MobrodeMacBook-Pro.local","pid":34830,"level":20,"msg":"Generator: \u001b[35mindex\u001b[39m","time":"2022-03-19T17:21:49.194Z","v":0}
{"name":"hexo","hostname":"MobrodeMacBook-Pro.local","pid":34830,"level":20,"msg":"Generator: \u001b[35mcategory\u001b[39m","time":"2022-03-19T17:21:49.195Z","v":0}
{"name":"hexo","hostname":"MobrodeMacBook-Pro.local","pid":34830,"level":20,"msg":"Generator: \u001b[35mtag\u001b[39m","time":"2022-03-19T17:21:49.195Z","v":0}
{"name":"hexo","hostname":"MobrodeMacBook-Pro.local","pid":34830,"level":20,"msg":"Generator: \u001b[35masset\u001b[39m","time":"2022-03-19T17:21:49.196Z","v":0}
{"name":"hexo","hostname":"MobrodeMacBook-Pro.local","pid":34830,"level":30,"msg":"Files loaded in \u001b[36m194 ms\u001b[39m","time":"2022-03-19T17:21:49.203Z","v":0}
{"name":"hexo","hostname":"MobrodeMacBook-Pro.local","pid":34830,"level":40,"msg":"No layout: \u001b[35mabout/index.html\u001b[39m","time":"2022-03-19T17:21:49.214Z","v":0}
{"name":"hexo","hostname":"MobrodeMacBook-Pro.local","pid":34830,"level":40,"msg":"No layout: \u001b[35m2018/12/03/Permission denied (publickey)/index.html\u001b[39m","time":"2022-03-19T17:21:49.214Z","v":0}
{"name":"hexo","hostname":"MobrodeMacBook-Pro.local","pid":34830,"level":40,"msg":"No layout: \u001b[35m2018/12/03/mac 系统自定义命令，定制脚本入门/index.html\u001b[39m","time":"2022-03-19T17:21:49.214Z","v":0}
{"name":"hexo","hostname":"MobrodeMacBook-Pro.local","pid":34830,"level":40,"msg":"No layout: \u001b[35m2018/12/03/node-之-buffer-笔记/index.html\u001b[39m","time":"2022-03-19T17:21:49.214Z","v":0}
{"name":"hexo","hostname":"MobrodeMacBook-Pro.local","pid":34830,"level":40,"msg":"No layout: \u001b[35m2018/12/03/shell script 学习/index.html\u001b[39m","time":"2022-03-19T17:21:49.215Z","v":0}
{"name":"hexo","hostname":"MobrodeMacBook-Pro.local","pid":34830,"level":40,"msg":"No layout: \u001b[35m2018/12/03/通过 ssh 建立本地与 github 的连接/index.html\u001b[39m","time":"2022-03-19T17:21:49.215Z","v":0}
{"name":"hexo","hostname":"MobrodeMacBook-Pro.local","pid":34830,"level":40,"msg":"No layout: \u001b[35m2018/11/05/Error: listen EADDRINUSE :::3000/index.html\u001b[39m","time":"2022-03-19T17:21:49.215Z","v":0}
{"name":"hexo","hostname":"MobrodeMacBook-Pro.local","pid":34830,"level":40,"msg":"No layout: \u001b[35m2018/10/28/Operation not permitted/index.html\u001b[39m","time":"2022-03-19T17:21:49.215Z","v":0}
{"name":"hexo","hostname":"MobrodeMacBook-Pro.local","pid":34830,"level":40,"msg":"No layout: \u001b[35m2018/09/06/stylus入门学习笔记/index.html\u001b[39m","time":"2022-03-19T17:21:49.216Z","v":0}
{"name":"hexo","hostname":"MobrodeMacBook-Pro.local","pid":34830,"level":40,"msg":"No layout: \u001b[35m2018/08/24/vue学习笔记（二）/index.html\u001b[39m","time":"2022-03-19T17:21:49.216Z","v":0}
{"name":"hexo","hostname":"MobrodeMacBook-Pro.local","pid":34830,"level":40,"msg":"No layout: \u001b[35m2018/07/28/js实现千位分隔/index.html\u001b[39m","time":"2022-03-19T17:21:49.216Z","v":0}
{"name":"hexo","hostname":"MobrodeMacBook-Pro.local","pid":34830,"level":40,"msg":"No layout: \u001b[35m2018/07/27/vue学习笔记（一）/index.html\u001b[39m","time":"2022-03-19T17:21:49.216Z","v":0}
{"name":"hexo","hostname":"MobrodeMacBook-Pro.local","pid":34830,"level":40,"msg":"No layout: \u001b[35m2018/07/26/git-pull代码冲突。怪异问题，了解一下/index.html\u001b[39m","time":"2022-03-19T17:21:49.216Z","v":0}
{"name":"hexo","hostname":"MobrodeMacBook-Pro.local","pid":34830,"level":40,"msg":"No layout: \u001b[35m2018/07/20/自己封装myLocalStorage，使其有有效期/index.html\u001b[39m","time":"2022-03-19T17:21:49.217Z","v":0}
{"name":"hexo","hostname":"MobrodeMacBook-Pro.local","pid":34830,"level":40,"msg":"No layout: \u001b[35m2018/06/15/使用scss为css样式自动添加浏览器前缀/index.html\u001b[39m","time":"2022-03-19T17:21:49.217Z","v":0}
{"name":"hexo","hostname":"MobrodeMacBook-Pro.local","pid":34830,"level":40,"msg":"No layout: \u001b[35m2018/06/12/论Object-keys-Object-getOwnPropertyNames-for-in-Object-getOwnPropertySymbol-区别/index.html\u001b[39m","time":"2022-03-19T17:21:49.217Z","v":0}
{"name":"hexo","hostname":"MobrodeMacBook-Pro.local","pid":34830,"level":40,"msg":"No layout: \u001b[35m2018/06/05/常用的linux命令/index.html\u001b[39m","time":"2022-03-19T17:21:49.217Z","v":0}
{"name":"hexo","hostname":"MobrodeMacBook-Pro.local","pid":34830,"level":40,"msg":"No layout: \u001b[35m2018/06/05/GIT-error-pathspec-xxx-did-not-match-any-file-s-known-to-git/index.html\u001b[39m","time":"2022-03-19T17:21:49.218Z","v":0}
{"name":"hexo","hostname":"MobrodeMacBook-Pro.local","pid":34830,"level":40,"msg":"No layout: \u001b[35m2018/06/01/阿里云搭建大概步骤/index.html\u001b[39m","time":"2022-03-19T17:21:49.218Z","v":0}
{"name":"hexo","hostname":"MobrodeMacBook-Pro.local","pid":34830,"level":40,"msg":"No layout: \u001b[35m2018/05/31/command-not-found-shell-returned-127/index.html\u001b[39m","time":"2022-03-19T17:21:49.218Z","v":0}
{"name":"hexo","hostname":"MobrodeMacBook-Pro.local","pid":34830,"level":40,"msg":"No layout: \u001b[35m2018/05/31/阿里云服务器搭建所遇见问题/index.html\u001b[39m","time":"2022-03-19T17:21:49.219Z","v":0}
{"name":"hexo","hostname":"MobrodeMacBook-Pro.local","pid":34830,"level":40,"msg":"No layout: \u001b[35m2018/05/24/git常用操作命令/index.html\u001b[39m","time":"2022-03-19T17:21:49.219Z","v":0}
{"name":"hexo","hostname":"MobrodeMacBook-Pro.local","pid":34830,"level":40,"msg":"No layout: \u001b[35m2018/05/22/ERR-registry-error-parsing-json/index.html\u001b[39m","time":"2022-03-19T17:21:49.219Z","v":0}
{"name":"hexo","hostname":"MobrodeMacBook-Pro.local","pid":34830,"level":40,"msg":"No layout: \u001b[35m2018/05/17/前端小问题总结/index.html\u001b[39m","time":"2022-03-19T17:21:49.219Z","v":0}
{"name":"hexo","hostname":"MobrodeMacBook-Pro.local","pid":34830,"level":40,"msg":"No layout: \u001b[35m2018/05/17/Jade入门学习/index.html\u001b[39m","time":"2022-03-19T17:21:49.219Z","v":0}
{"name":"hexo","hostname":"MobrodeMacBook-Pro.local","pid":34830,"level":40,"msg":"No layout: \u001b[35marchives/index.html\u001b[39m","time":"2022-03-19T17:21:49.220Z","v":0}
{"name":"hexo","hostname":"MobrodeMacBook-Pro.local","pid":34830,"level":40,"msg":"No layout: \u001b[35marchives/page/2/index.html\u001b[39m","time":"2022-03-19T17:21:49.220Z","v":0}
{"name":"hexo","hostname":"MobrodeMacBook-Pro.local","pid":34830,"level":40,"msg":"No layout: \u001b[35marchives/page/3/index.html\u001b[39m","time":"2022-03-19T17:21:49.220Z","v":0}
{"name":"hexo","hostname":"MobrodeMacBook-Pro.local","pid":34830,"level":40,"msg":"No layout: \u001b[35marchives/2018/index.html\u001b[39m","time":"2022-03-19T17:21:49.220Z","v":0}
{"name":"hexo","hostname":"MobrodeMacBook-Pro.local","pid":34830,"level":40,"msg":"No layout: \u001b[35marchives/2018/page/2/index.html\u001b[39m","time":"2022-03-19T17:21:49.220Z","v":0}
{"name":"hexo","hostname":"MobrodeMacBook-Pro.local","pid":34830,"level":40,"msg":"No layout: \u001b[35marchives/2018/page/3/index.html\u001b[39m","time":"2022-03-19T17:21:49.221Z","v":0}
{"name":"hexo","hostname":"MobrodeMacBook-Pro.local","pid":34830,"level":40,"msg":"No layout: \u001b[35marchives/2018/05/index.html\u001b[39m","time":"2022-03-19T17:21:49.221Z","v":0}
{"name":"hexo","hostname":"MobrodeMacBook-Pro.local","pid":34830,"level":40,"msg":"No layout: \u001b[35marchives/2018/06/index.html\u001b[39m","time":"2022-03-19T17:21:49.222Z","v":0}
{"name":"hexo","hostname":"MobrodeMacBook-Pro.local","pid":34830,"level":40,"msg":"No layout: \u001b[35marchives/2018/07/index.html\u001b[39m","time":"2022-03-19T17:21:49.222Z","v":0}
{"name":"hexo","hostname":"MobrodeMacBook-Pro.local","pid":34830,"level":40,"msg":"No layout: \u001b[35marchives/2018/08/index.html\u001b[39m","time":"2022-03-19T17:21:49.223Z","v":0}
{"name":"hexo","hostname":"MobrodeMacBook-Pro.local","pid":34830,"level":40,"msg":"No layout: \u001b[35marchives/2018/09/index.html\u001b[39m","time":"2022-03-19T17:21:49.223Z","v":0}
{"name":"hexo","hostname":"MobrodeMacBook-Pro.local","pid":34830,"level":40,"msg":"No layout: \u001b[35marchives/2018/10/index.html\u001b[39m","time":"2022-03-19T17:21:49.223Z","v":0}
{"name":"hexo","hostname":"MobrodeMacBook-Pro.local","pid":34830,"level":40,"msg":"No layout: \u001b[35marchives/2018/11/index.html\u001b[39m","time":"2022-03-19T17:21:49.224Z","v":0}
{"name":"hexo","hostname":"MobrodeMacBook-Pro.local","pid":34830,"level":40,"msg":"No layout: \u001b[35marchives/2018/12/index.html\u001b[39m","time":"2022-03-19T17:21:49.224Z","v":0}
{"name":"hexo","hostname":"MobrodeMacBook-Pro.local","pid":34830,"level":40,"msg":"No layout: \u001b[35mindex.html\u001b[39m","time":"2022-03-19T17:21:49.224Z","v":0}
{"name":"hexo","hostname":"MobrodeMacBook-Pro.local","pid":34830,"level":40,"msg":"No layout: \u001b[35mpage/2/index.html\u001b[39m","time":"2022-03-19T17:21:49.224Z","v":0}
{"name":"hexo","hostname":"MobrodeMacBook-Pro.local","pid":34830,"level":40,"msg":"No layout: \u001b[35mpage/3/index.html\u001b[39m","time":"2022-03-19T17:21:49.225Z","v":0}
{"name":"hexo","hostname":"MobrodeMacBook-Pro.local","pid":34830,"level":40,"msg":"No layout: \u001b[35mtags/listen-eaddrinuse/index.html\u001b[39m","time":"2022-03-19T17:21:49.225Z","v":0}
{"name":"hexo","hostname":"MobrodeMacBook-Pro.local","pid":34830,"level":40,"msg":"No layout: \u001b[35mtags/3000/index.html\u001b[39m","time":"2022-03-19T17:21:49.225Z","v":0}
{"name":"hexo","hostname":"MobrodeMacBook-Pro.local","pid":34830,"level":40,"msg":"No layout: \u001b[35mtags/lsof/index.html\u001b[39m","time":"2022-03-19T17:21:49.225Z","v":0}
{"name":"hexo","hostname":"MobrodeMacBook-Pro.local","pid":34830,"level":40,"msg":"No layout: \u001b[35mtags/npm/index.html\u001b[39m","time":"2022-03-19T17:21:49.226Z","v":0}
{"name":"hexo","hostname":"MobrodeMacBook-Pro.local","pid":34830,"level":40,"msg":"No layout: \u001b[35mtags/git/index.html\u001b[39m","time":"2022-03-19T17:21:49.227Z","v":0}
{"name":"hexo","hostname":"MobrodeMacBook-Pro.local","pid":34830,"level":40,"msg":"No layout: \u001b[35mtags/ssh/index.html\u001b[39m","time":"2022-03-19T17:21:49.227Z","v":0}
{"name":"hexo","hostname":"MobrodeMacBook-Pro.local","pid":34830,"level":40,"msg":"No layout: \u001b[35mtags/ques/index.html\u001b[39m","time":"2022-03-19T17:21:49.228Z","v":0}
{"name":"hexo","hostname":"MobrodeMacBook-Pro.local","pid":34830,"level":40,"msg":"No layout: \u001b[35mtags/permission-denied/index.html\u001b[39m","time":"2022-03-19T17:21:49.228Z","v":0}
{"name":"hexo","hostname":"MobrodeMacBook-Pro.local","pid":34830,"level":40,"msg":"No layout: \u001b[35mtags/jade/index.html\u001b[39m","time":"2022-03-19T17:21:49.228Z","v":0}
{"name":"hexo","hostname":"MobrodeMacBook-Pro.local","pid":34830,"level":40,"msg":"No layout: \u001b[35mtags/pug/index.html\u001b[39m","time":"2022-03-19T17:21:49.228Z","v":0}
{"name":"hexo","hostname":"MobrodeMacBook-Pro.local","pid":34830,"level":40,"msg":"No layout: \u001b[35mtags/centos-7/index.html\u001b[39m","time":"2022-03-19T17:21:49.229Z","v":0}
{"name":"hexo","hostname":"MobrodeMacBook-Pro.local","pid":34830,"level":40,"msg":"No layout: \u001b[35mtags/operation-not-permitted/index.html\u001b[39m","time":"2022-03-19T17:21:49.229Z","v":0}
{"name":"hexo","hostname":"MobrodeMacBook-Pro.local","pid":34830,"level":40,"msg":"No layout: \u001b[35mtags/安全防范/index.html\u001b[39m","time":"2022-03-19T17:21:49.229Z","v":0}
{"name":"hexo","hostname":"MobrodeMacBook-Pro.local","pid":34830,"level":40,"msg":"No layout: \u001b[35mtags/js/index.html\u001b[39m","time":"2022-03-19T17:21:49.230Z","v":0}
{"name":"hexo","hostname":"MobrodeMacBook-Pro.local","pid":34830,"level":40,"msg":"No layout: \u001b[35mtags/千位分隔/index.html\u001b[39m","time":"2022-03-19T17:21:49.230Z","v":0}
{"name":"hexo","hostname":"MobrodeMacBook-Pro.local","pid":34830,"level":40,"msg":"No layout: \u001b[35mtags/自定义脚本/index.html\u001b[39m","time":"2022-03-19T17:21:49.230Z","v":0}
{"name":"hexo","hostname":"MobrodeMacBook-Pro.local","pid":34830,"level":40,"msg":"No layout: \u001b[35mtags/linux/index.html\u001b[39m","time":"2022-03-19T17:21:49.230Z","v":0}
{"name":"hexo","hostname":"MobrodeMacBook-Pro.local","pid":34830,"level":40,"msg":"No layout: \u001b[35mtags/mac/index.html\u001b[39m","time":"2022-03-19T17:21:49.231Z","v":0}
{"name":"hexo","hostname":"MobrodeMacBook-Pro.local","pid":34830,"level":40,"msg":"No layout: \u001b[35mtags/alias/index.html\u001b[39m","time":"2022-03-19T17:21:49.231Z","v":0}
{"name":"hexo","hostname":"MobrodeMacBook-Pro.local","pid":34830,"level":40,"msg":"No layout: \u001b[35mtags/bash-profile/index.html\u001b[39m","time":"2022-03-19T17:21:49.232Z","v":0}
{"name":"hexo","hostname":"MobrodeMacBook-Pro.local","pid":34830,"level":40,"msg":"No layout: \u001b[35mtags/node/index.html\u001b[39m","time":"2022-03-19T17:21:49.232Z","v":0}
{"name":"hexo","hostname":"MobrodeMacBook-Pro.local","pid":34830,"level":40,"msg":"No layout: \u001b[35mtags/buffer/index.html\u001b[39m","time":"2022-03-19T17:21:49.232Z","v":0}
{"name":"hexo","hostname":"MobrodeMacBook-Pro.local","pid":34830,"level":40,"msg":"No layout: \u001b[35mtags/stylus/index.html\u001b[39m","time":"2022-03-19T17:21:49.233Z","v":0}
{"name":"hexo","hostname":"MobrodeMacBook-Pro.local","pid":34830,"level":40,"msg":"No layout: \u001b[35mtags/vue/index.html\u001b[39m","time":"2022-03-19T17:21:49.233Z","v":0}
{"name":"hexo","hostname":"MobrodeMacBook-Pro.local","pid":34830,"level":40,"msg":"No layout: \u001b[35mtags/vue-cli/index.html\u001b[39m","time":"2022-03-19T17:21:49.233Z","v":0}
{"name":"hexo","hostname":"MobrodeMacBook-Pro.local","pid":34830,"level":40,"msg":"No layout: \u001b[35mtags/shell/index.html\u001b[39m","time":"2022-03-19T17:21:49.233Z","v":0}
{"name":"hexo","hostname":"MobrodeMacBook-Pro.local","pid":34830,"level":40,"msg":"No layout: \u001b[35mtags/shell-script/index.html\u001b[39m","time":"2022-03-19T17:21:49.233Z","v":0}
{"name":"hexo","hostname":"MobrodeMacBook-Pro.local","pid":34830,"level":40,"msg":"No layout: \u001b[35mtags/scss/index.html\u001b[39m","time":"2022-03-19T17:21:49.234Z","v":0}
{"name":"hexo","hostname":"MobrodeMacBook-Pro.local","pid":34830,"level":40,"msg":"No layout: \u001b[35mtags/前端/index.html\u001b[39m","time":"2022-03-19T17:21:49.234Z","v":0}
{"name":"hexo","hostname":"MobrodeMacBook-Pro.local","pid":34830,"level":40,"msg":"No layout: \u001b[35mtags/localStorage/index.html\u001b[39m","time":"2022-03-19T17:21:49.234Z","v":0}
{"name":"hexo","hostname":"MobrodeMacBook-Pro.local","pid":34830,"level":40,"msg":"No layout: \u001b[35mtags/cookie/index.html\u001b[39m","time":"2022-03-19T17:21:49.235Z","v":0}
{"name":"hexo","hostname":"MobrodeMacBook-Pro.local","pid":34830,"level":40,"msg":"No layout: \u001b[35mtags/console/index.html\u001b[39m","time":"2022-03-19T17:21:49.235Z","v":0}
{"name":"hexo","hostname":"MobrodeMacBook-Pro.local","pid":34830,"level":40,"msg":"No layout: \u001b[35mtags/跨域/index.html\u001b[39m","time":"2022-03-19T17:21:49.235Z","v":0}
{"name":"hexo","hostname":"MobrodeMacBook-Pro.local","pid":34830,"level":40,"msg":"No layout: \u001b[35mtags/阿里云/index.html\u001b[39m","time":"2022-03-19T17:21:49.235Z","v":0}
{"name":"hexo","hostname":"MobrodeMacBook-Pro.local","pid":34830,"level":40,"msg":"No layout: \u001b[35mtags/github/index.html\u001b[39m","time":"2022-03-19T17:21:49.236Z","v":0}
{"name":"hexo","hostname":"MobrodeMacBook-Pro.local","pid":34830,"level":40,"msg":"No layout: \u001b[35mtags/ssh-keygen/index.html\u001b[39m","time":"2022-03-19T17:21:49.236Z","v":0}
{"name":"hexo","hostname":"MobrodeMacBook-Pro.local","pid":34830,"level":40,"msg":"No layout: \u001b[35mtags/es6/index.html\u001b[39m","time":"2022-03-19T17:21:49.236Z","v":0}
{"name":"hexo","hostname":"MobrodeMacBook-Pro.local","pid":34830,"level":30,"msg":"Deleted: \u001b[35mtags/os/index.html\u001b[39m","time":"2022-03-19T17:21:49.241Z","v":0}
{"name":"hexo","hostname":"MobrodeMacBook-Pro.local","pid":34830,"level":30,"msg":"Deleted: \u001b[35mtags/chrome/index.html\u001b[39m","time":"2022-03-19T17:21:49.241Z","v":0}
{"name":"hexo","hostname":"MobrodeMacBook-Pro.local","pid":34830,"level":30,"msg":"Deleted: \u001b[35m2018/06/12/程序包无效：“CRX_HEADER_INVALID” 的终极解决方案/index.html\u001b[39m","time":"2022-03-19T17:21:49.241Z","v":0}
{"name":"hexo","hostname":"MobrodeMacBook-Pro.local","pid":34830,"level":30,"msg":"Generated: \u001b[35mabout/index.html\u001b[39m","time":"2022-03-19T17:21:49.266Z","v":0}
{"name":"hexo","hostname":"MobrodeMacBook-Pro.local","pid":34830,"level":30,"msg":"Generated: \u001b[35m2018/12/03/Permission denied (publickey)/index.html\u001b[39m","time":"2022-03-19T17:21:49.266Z","v":0}
{"name":"hexo","hostname":"MobrodeMacBook-Pro.local","pid":34830,"level":30,"msg":"Generated: \u001b[35m2018/12/03/node-之-buffer-笔记/index.html\u001b[39m","time":"2022-03-19T17:21:49.266Z","v":0}
{"name":"hexo","hostname":"MobrodeMacBook-Pro.local","pid":34830,"level":30,"msg":"Generated: \u001b[35m2018/12/03/mac 系统自定义命令，定制脚本入门/index.html\u001b[39m","time":"2022-03-19T17:21:49.266Z","v":0}
{"name":"hexo","hostname":"MobrodeMacBook-Pro.local","pid":34830,"level":30,"msg":"Generated: \u001b[35m2018/12/03/通过 ssh 建立本地与 github 的连接/index.html\u001b[39m","time":"2022-03-19T17:21:49.266Z","v":0}
{"name":"hexo","hostname":"MobrodeMacBook-Pro.local","pid":34830,"level":30,"msg":"Generated: \u001b[35m2018/10/28/Operation not permitted/index.html\u001b[39m","time":"2022-03-19T17:21:49.267Z","v":0}
{"name":"hexo","hostname":"MobrodeMacBook-Pro.local","pid":34830,"level":30,"msg":"Generated: \u001b[35m2018/11/05/Error: listen EADDRINUSE :::3000/index.html\u001b[39m","time":"2022-03-19T17:21:49.267Z","v":0}
{"name":"hexo","hostname":"MobrodeMacBook-Pro.local","pid":34830,"level":30,"msg":"Generated: \u001b[35m2018/12/03/shell script 学习/index.html\u001b[39m","time":"2022-03-19T17:21:49.267Z","v":0}
{"name":"hexo","hostname":"MobrodeMacBook-Pro.local","pid":34830,"level":30,"msg":"Generated: \u001b[35m2018/08/24/vue学习笔记（二）/index.html\u001b[39m","time":"2022-03-19T17:21:49.267Z","v":0}
{"name":"hexo","hostname":"MobrodeMacBook-Pro.local","pid":34830,"level":30,"msg":"Generated: \u001b[35m2018/07/28/js实现千位分隔/index.html\u001b[39m","time":"2022-03-19T17:21:49.267Z","v":0}
{"name":"hexo","hostname":"MobrodeMacBook-Pro.local","pid":34830,"level":30,"msg":"Generated: \u001b[35m2018/07/27/vue学习笔记（一）/index.html\u001b[39m","time":"2022-03-19T17:21:49.267Z","v":0}
{"name":"hexo","hostname":"MobrodeMacBook-Pro.local","pid":34830,"level":30,"msg":"Generated: \u001b[35m2018/09/06/stylus入门学习笔记/index.html\u001b[39m","time":"2022-03-19T17:21:49.267Z","v":0}
{"name":"hexo","hostname":"MobrodeMacBook-Pro.local","pid":34830,"level":30,"msg":"Generated: \u001b[35m2018/07/20/自己封装myLocalStorage，使其有有效期/index.html\u001b[39m","time":"2022-03-19T17:21:49.267Z","v":0}
{"name":"hexo","hostname":"MobrodeMacBook-Pro.local","pid":34830,"level":30,"msg":"Generated: \u001b[35m2018/07/26/git-pull代码冲突。怪异问题，了解一下/index.html\u001b[39m","time":"2022-03-19T17:21:49.268Z","v":0}
{"name":"hexo","hostname":"MobrodeMacBook-Pro.local","pid":34830,"level":30,"msg":"Generated: \u001b[35m2018/06/15/使用scss为css样式自动添加浏览器前缀/index.html\u001b[39m","time":"2022-03-19T17:21:49.268Z","v":0}
{"name":"hexo","hostname":"MobrodeMacBook-Pro.local","pid":34830,"level":30,"msg":"Generated: \u001b[35m2018/06/12/论Object-keys-Object-getOwnPropertyNames-for-in-Object-getOwnPropertySymbol-区别/index.html\u001b[39m","time":"2022-03-19T17:21:49.268Z","v":0}
{"name":"hexo","hostname":"MobrodeMacBook-Pro.local","pid":34830,"level":30,"msg":"Generated: \u001b[35m2018/06/05/常用的linux命令/index.html\u001b[39m","time":"2022-03-19T17:21:49.268Z","v":0}
{"name":"hexo","hostname":"MobrodeMacBook-Pro.local","pid":34830,"level":30,"msg":"Generated: \u001b[35m2018/06/05/GIT-error-pathspec-xxx-did-not-match-any-file-s-known-to-git/index.html\u001b[39m","time":"2022-03-19T17:21:49.268Z","v":0}
{"name":"hexo","hostname":"MobrodeMacBook-Pro.local","pid":34830,"level":30,"msg":"Generated: \u001b[35m2018/05/31/command-not-found-shell-returned-127/index.html\u001b[39m","time":"2022-03-19T17:21:49.268Z","v":0}
{"name":"hexo","hostname":"MobrodeMacBook-Pro.local","pid":34830,"level":30,"msg":"Generated: \u001b[35m2018/06/01/阿里云搭建大概步骤/index.html\u001b[39m","time":"2022-03-19T17:21:49.268Z","v":0}
{"name":"hexo","hostname":"MobrodeMacBook-Pro.local","pid":34830,"level":30,"msg":"Generated: \u001b[35m2018/05/31/阿里云服务器搭建所遇见问题/index.html\u001b[39m","time":"2022-03-19T17:21:49.268Z","v":0}
{"name":"hexo","hostname":"MobrodeMacBook-Pro.local","pid":34830,"level":30,"msg":"Generated: \u001b[35m2018/05/24/git常用操作命令/index.html\u001b[39m","time":"2022-03-19T17:21:49.269Z","v":0}
{"name":"hexo","hostname":"MobrodeMacBook-Pro.local","pid":34830,"level":30,"msg":"Generated: \u001b[35m2018/05/22/ERR-registry-error-parsing-json/index.html\u001b[39m","time":"2022-03-19T17:21:49.269Z","v":0}
{"name":"hexo","hostname":"MobrodeMacBook-Pro.local","pid":34830,"level":30,"msg":"Generated: \u001b[35m2018/05/17/Jade入门学习/index.html\u001b[39m","time":"2022-03-19T17:21:49.269Z","v":0}
{"name":"hexo","hostname":"MobrodeMacBook-Pro.local","pid":34830,"level":30,"msg":"Generated: \u001b[35m2018/05/17/前端小问题总结/index.html\u001b[39m","time":"2022-03-19T17:21:49.269Z","v":0}
{"name":"hexo","hostname":"MobrodeMacBook-Pro.local","pid":34830,"level":30,"msg":"Generated: \u001b[35marchives/index.html\u001b[39m","time":"2022-03-19T17:21:49.269Z","v":0}
{"name":"hexo","hostname":"MobrodeMacBook-Pro.local","pid":34830,"level":30,"msg":"Generated: \u001b[35marchives/page/2/index.html\u001b[39m","time":"2022-03-19T17:21:49.269Z","v":0}
{"name":"hexo","hostname":"MobrodeMacBook-Pro.local","pid":34830,"level":30,"msg":"Generated: \u001b[35marchives/page/3/index.html\u001b[39m","time":"2022-03-19T17:21:49.269Z","v":0}
{"name":"hexo","hostname":"MobrodeMacBook-Pro.local","pid":34830,"level":30,"msg":"Generated: \u001b[35marchives/2018/page/3/index.html\u001b[39m","time":"2022-03-19T17:21:49.270Z","v":0}
{"name":"hexo","hostname":"MobrodeMacBook-Pro.local","pid":34830,"level":30,"msg":"Generated: \u001b[35marchives/2018/05/index.html\u001b[39m","time":"2022-03-19T17:21:49.270Z","v":0}
{"name":"hexo","hostname":"MobrodeMacBook-Pro.local","pid":34830,"level":30,"msg":"Generated: \u001b[35marchives/2018/06/index.html\u001b[39m","time":"2022-03-19T17:21:49.270Z","v":0}
{"name":"hexo","hostname":"MobrodeMacBook-Pro.local","pid":34830,"level":30,"msg":"Generated: \u001b[35marchives/2018/07/index.html\u001b[39m","time":"2022-03-19T17:21:49.270Z","v":0}
{"name":"hexo","hostname":"MobrodeMacBook-Pro.local","pid":34830,"level":30,"msg":"Generated: \u001b[35marchives/2018/08/index.html\u001b[39m","time":"2022-03-19T17:21:49.270Z","v":0}
{"name":"hexo","hostname":"MobrodeMacBook-Pro.local","pid":34830,"level":30,"msg":"Generated: \u001b[35marchives/2018/09/index.html\u001b[39m","time":"2022-03-19T17:21:49.270Z","v":0}
{"name":"hexo","hostname":"MobrodeMacBook-Pro.local","pid":34830,"level":30,"msg":"Generated: \u001b[35marchives/2018/10/index.html\u001b[39m","time":"2022-03-19T17:21:49.270Z","v":0}
{"name":"hexo","hostname":"MobrodeMacBook-Pro.local","pid":34830,"level":30,"msg":"Generated: \u001b[35marchives/2018/11/index.html\u001b[39m","time":"2022-03-19T17:21:49.271Z","v":0}
{"name":"hexo","hostname":"MobrodeMacBook-Pro.local","pid":34830,"level":30,"msg":"Generated: \u001b[35marchives/2018/page/2/index.html\u001b[39m","time":"2022-03-19T17:21:49.271Z","v":0}
{"name":"hexo","hostname":"MobrodeMacBook-Pro.local","pid":34830,"level":30,"msg":"Generated: \u001b[35marchives/2018/index.html\u001b[39m","time":"2022-03-19T17:21:49.271Z","v":0}
{"name":"hexo","hostname":"MobrodeMacBook-Pro.local","pid":34830,"level":30,"msg":"Generated: \u001b[35mindex.html\u001b[39m","time":"2022-03-19T17:21:49.271Z","v":0}
{"name":"hexo","hostname":"MobrodeMacBook-Pro.local","pid":34830,"level":30,"msg":"Generated: \u001b[35mpage/2/index.html\u001b[39m","time":"2022-03-19T17:21:49.271Z","v":0}
{"name":"hexo","hostname":"MobrodeMacBook-Pro.local","pid":34830,"level":30,"msg":"Generated: \u001b[35mtags/listen-eaddrinuse/index.html\u001b[39m","time":"2022-03-19T17:21:49.271Z","v":0}
{"name":"hexo","hostname":"MobrodeMacBook-Pro.local","pid":34830,"level":30,"msg":"Generated: \u001b[35mtags/3000/index.html\u001b[39m","time":"2022-03-19T17:21:49.271Z","v":0}
{"name":"hexo","hostname":"MobrodeMacBook-Pro.local","pid":34830,"level":30,"msg":"Generated: \u001b[35mtags/git/index.html\u001b[39m","time":"2022-03-19T17:21:49.271Z","v":0}
{"name":"hexo","hostname":"MobrodeMacBook-Pro.local","pid":34830,"level":30,"msg":"Generated: \u001b[35mtags/lsof/index.html\u001b[39m","time":"2022-03-19T17:21:49.271Z","v":0}
{"name":"hexo","hostname":"MobrodeMacBook-Pro.local","pid":34830,"level":30,"msg":"Generated: \u001b[35mtags/ssh/index.html\u001b[39m","time":"2022-03-19T17:21:49.271Z","v":0}
{"name":"hexo","hostname":"MobrodeMacBook-Pro.local","pid":34830,"level":30,"msg":"Generated: \u001b[35mtags/npm/index.html\u001b[39m","time":"2022-03-19T17:21:49.272Z","v":0}
{"name":"hexo","hostname":"MobrodeMacBook-Pro.local","pid":34830,"level":30,"msg":"Generated: \u001b[35mtags/permission-denied/index.html\u001b[39m","time":"2022-03-19T17:21:49.272Z","v":0}
{"name":"hexo","hostname":"MobrodeMacBook-Pro.local","pid":34830,"level":30,"msg":"Generated: \u001b[35mtags/jade/index.html\u001b[39m","time":"2022-03-19T17:21:49.272Z","v":0}
{"name":"hexo","hostname":"MobrodeMacBook-Pro.local","pid":34830,"level":30,"msg":"Generated: \u001b[35mtags/ques/index.html\u001b[39m","time":"2022-03-19T17:21:49.272Z","v":0}
{"name":"hexo","hostname":"MobrodeMacBook-Pro.local","pid":34830,"level":30,"msg":"Generated: \u001b[35mtags/pug/index.html\u001b[39m","time":"2022-03-19T17:21:49.272Z","v":0}
{"name":"hexo","hostname":"MobrodeMacBook-Pro.local","pid":34830,"level":30,"msg":"Generated: \u001b[35marchives/2018/12/index.html\u001b[39m","time":"2022-03-19T17:21:49.272Z","v":0}
{"name":"hexo","hostname":"MobrodeMacBook-Pro.local","pid":34830,"level":30,"msg":"Generated: \u001b[35mtags/centos-7/index.html\u001b[39m","time":"2022-03-19T17:21:49.272Z","v":0}
{"name":"hexo","hostname":"MobrodeMacBook-Pro.local","pid":34830,"level":30,"msg":"Generated: \u001b[35mtags/operation-not-permitted/index.html\u001b[39m","time":"2022-03-19T17:21:49.272Z","v":0}
{"name":"hexo","hostname":"MobrodeMacBook-Pro.local","pid":34830,"level":30,"msg":"Generated: \u001b[35mtags/安全防范/index.html\u001b[39m","time":"2022-03-19T17:21:49.272Z","v":0}
{"name":"hexo","hostname":"MobrodeMacBook-Pro.local","pid":34830,"level":30,"msg":"Generated: \u001b[35mtags/js/index.html\u001b[39m","time":"2022-03-19T17:21:49.272Z","v":0}
{"name":"hexo","hostname":"MobrodeMacBook-Pro.local","pid":34830,"level":30,"msg":"Generated: \u001b[35mtags/千位分隔/index.html\u001b[39m","time":"2022-03-19T17:21:49.273Z","v":0}
{"name":"hexo","hostname":"MobrodeMacBook-Pro.local","pid":34830,"level":30,"msg":"Generated: \u001b[35mtags/自定义脚本/index.html\u001b[39m","time":"2022-03-19T17:21:49.273Z","v":0}
{"name":"hexo","hostname":"MobrodeMacBook-Pro.local","pid":34830,"level":30,"msg":"Generated: \u001b[35mtags/linux/index.html\u001b[39m","time":"2022-03-19T17:21:49.273Z","v":0}
{"name":"hexo","hostname":"MobrodeMacBook-Pro.local","pid":34830,"level":30,"msg":"Generated: \u001b[35mtags/alias/index.html\u001b[39m","time":"2022-03-19T17:21:49.273Z","v":0}
{"name":"hexo","hostname":"MobrodeMacBook-Pro.local","pid":34830,"level":30,"msg":"Generated: \u001b[35mtags/bash-profile/index.html\u001b[39m","time":"2022-03-19T17:21:49.273Z","v":0}
{"name":"hexo","hostname":"MobrodeMacBook-Pro.local","pid":34830,"level":30,"msg":"Generated: \u001b[35mtags/node/index.html\u001b[39m","time":"2022-03-19T17:21:49.273Z","v":0}
{"name":"hexo","hostname":"MobrodeMacBook-Pro.local","pid":34830,"level":30,"msg":"Generated: \u001b[35mtags/buffer/index.html\u001b[39m","time":"2022-03-19T17:21:49.273Z","v":0}
{"name":"hexo","hostname":"MobrodeMacBook-Pro.local","pid":34830,"level":30,"msg":"Generated: \u001b[35mtags/stylus/index.html\u001b[39m","time":"2022-03-19T17:21:49.273Z","v":0}
{"name":"hexo","hostname":"MobrodeMacBook-Pro.local","pid":34830,"level":30,"msg":"Generated: \u001b[35mtags/vue/index.html\u001b[39m","time":"2022-03-19T17:21:49.273Z","v":0}
{"name":"hexo","hostname":"MobrodeMacBook-Pro.local","pid":34830,"level":30,"msg":"Generated: \u001b[35mtags/vue-cli/index.html\u001b[39m","time":"2022-03-19T17:21:49.273Z","v":0}
{"name":"hexo","hostname":"MobrodeMacBook-Pro.local","pid":34830,"level":30,"msg":"Generated: \u001b[35mtags/shell/index.html\u001b[39m","time":"2022-03-19T17:21:49.273Z","v":0}
{"name":"hexo","hostname":"MobrodeMacBook-Pro.local","pid":34830,"level":30,"msg":"Generated: \u001b[35mtags/shell-script/index.html\u001b[39m","time":"2022-03-19T17:21:49.274Z","v":0}
{"name":"hexo","hostname":"MobrodeMacBook-Pro.local","pid":34830,"level":30,"msg":"Generated: \u001b[35mtags/scss/index.html\u001b[39m","time":"2022-03-19T17:21:49.274Z","v":0}
{"name":"hexo","hostname":"MobrodeMacBook-Pro.local","pid":34830,"level":30,"msg":"Generated: \u001b[35mtags/前端/index.html\u001b[39m","time":"2022-03-19T17:21:49.274Z","v":0}
{"name":"hexo","hostname":"MobrodeMacBook-Pro.local","pid":34830,"level":30,"msg":"Generated: \u001b[35mtags/mac/index.html\u001b[39m","time":"2022-03-19T17:21:49.274Z","v":0}
{"name":"hexo","hostname":"MobrodeMacBook-Pro.local","pid":34830,"level":30,"msg":"Generated: \u001b[35mtags/localStorage/index.html\u001b[39m","time":"2022-03-19T17:21:49.274Z","v":0}
{"name":"hexo","hostname":"MobrodeMacBook-Pro.local","pid":34830,"level":30,"msg":"Generated: \u001b[35mtags/cookie/index.html\u001b[39m","time":"2022-03-19T17:21:49.274Z","v":0}
{"name":"hexo","hostname":"MobrodeMacBook-Pro.local","pid":34830,"level":30,"msg":"Generated: \u001b[35mpage/3/index.html\u001b[39m","time":"2022-03-19T17:21:49.275Z","v":0}
{"name":"hexo","hostname":"MobrodeMacBook-Pro.local","pid":34830,"level":30,"msg":"Generated: \u001b[35mtags/console/index.html\u001b[39m","time":"2022-03-19T17:21:49.275Z","v":0}
{"name":"hexo","hostname":"MobrodeMacBook-Pro.local","pid":34830,"level":30,"msg":"Generated: \u001b[35mtags/阿里云/index.html\u001b[39m","time":"2022-03-19T17:21:49.275Z","v":0}
{"name":"hexo","hostname":"MobrodeMacBook-Pro.local","pid":34830,"level":30,"msg":"Generated: \u001b[35mtags/跨域/index.html\u001b[39m","time":"2022-03-19T17:21:49.276Z","v":0}
{"name":"hexo","hostname":"MobrodeMacBook-Pro.local","pid":34830,"level":30,"msg":"Generated: \u001b[35mtags/github/index.html\u001b[39m","time":"2022-03-19T17:21:49.276Z","v":0}
{"name":"hexo","hostname":"MobrodeMacBook-Pro.local","pid":34830,"level":30,"msg":"Generated: \u001b[35mtags/ssh-keygen/index.html\u001b[39m","time":"2022-03-19T17:21:49.276Z","v":0}
{"name":"hexo","hostname":"MobrodeMacBook-Pro.local","pid":34830,"level":30,"msg":"Generated: \u001b[35mtags/es6/index.html\u001b[39m","time":"2022-03-19T17:21:49.276Z","v":0}
{"name":"hexo","hostname":"MobrodeMacBook-Pro.local","pid":34830,"level":30,"msg":"Generated: \u001b[35mimages/201807/WX20180824-114924.png\u001b[39m","time":"2022-03-19T17:21:49.279Z","v":0}
{"name":"hexo","hostname":"MobrodeMacBook-Pro.local","pid":34830,"level":30,"msg":"Generated: \u001b[35mCNAME\u001b[39m","time":"2022-03-19T17:21:49.279Z","v":0}
{"name":"hexo","hostname":"MobrodeMacBook-Pro.local","pid":34830,"level":30,"msg":"Generated: \u001b[35mimages/201812/20181113104748419.png\u001b[39m","time":"2022-03-19T17:21:49.279Z","v":0}
{"name":"hexo","hostname":"MobrodeMacBook-Pro.local","pid":34830,"level":30,"msg":"Generated: \u001b[35mimages/201807/WX20180727-182015.png\u001b[39m","time":"2022-03-19T17:21:49.280Z","v":0}
{"name":"hexo","hostname":"MobrodeMacBook-Pro.local","pid":34830,"level":30,"msg":"Generated: \u001b[35mimages/aliyun/WX20180601-105924.png\u001b[39m","time":"2022-03-19T17:21:49.280Z","v":0}
{"name":"hexo","hostname":"MobrodeMacBook-Pro.local","pid":34830,"level":30,"msg":"Generated: \u001b[35mimages/aliyun/WX20180531-180301.png\u001b[39m","time":"2022-03-19T17:21:49.280Z","v":0}
{"name":"hexo","hostname":"MobrodeMacBook-Pro.local","pid":34830,"level":30,"msg":"Generated: \u001b[35mimages/aliyun/WX20180531-160800.png\u001b[39m","time":"2022-03-19T17:21:49.280Z","v":0}
{"name":"hexo","hostname":"MobrodeMacBook-Pro.local","pid":34830,"level":30,"msg":"Generated: \u001b[35mimages/201806/WX20180605-100532.png\u001b[39m","time":"2022-03-19T17:21:49.280Z","v":0}
{"name":"hexo","hostname":"MobrodeMacBook-Pro.local","pid":34830,"level":30,"msg":"Generated: \u001b[35mimages/201807/WX20180727-180222.png\u001b[39m","time":"2022-03-19T17:21:49.280Z","v":0}
{"name":"hexo","hostname":"MobrodeMacBook-Pro.local","pid":34830,"level":30,"msg":"Generated: \u001b[35mimages/201812/20181128150414641.png\u001b[39m","time":"2022-03-19T17:21:49.280Z","v":0}
{"name":"hexo","hostname":"MobrodeMacBook-Pro.local","pid":34830,"level":30,"msg":"Generated: \u001b[35mimages/201807/WX20180727-183148.png\u001b[39m","time":"2022-03-19T17:21:49.281Z","v":0}
{"name":"hexo","hostname":"MobrodeMacBook-Pro.local","pid":34830,"level":30,"msg":"Generated: \u001b[35mimages/201806/WX20180615-115151.png\u001b[39m","time":"2022-03-19T17:21:49.281Z","v":0}
{"name":"hexo","hostname":"MobrodeMacBook-Pro.local","pid":34830,"level":30,"msg":"Generated: \u001b[35mimages/201807/WX20180807-110131.png\u001b[39m","time":"2022-03-19T17:21:49.281Z","v":0}
{"name":"hexo","hostname":"MobrodeMacBook-Pro.local","pid":34830,"level":30,"msg":"Generated: \u001b[35mimages/201812/20181108175706218.png\u001b[39m","time":"2022-03-19T17:21:49.281Z","v":0}
{"name":"hexo","hostname":"MobrodeMacBook-Pro.local","pid":34830,"level":30,"msg":"Generated: \u001b[35mimages/201806/WX20180605-100350.png\u001b[39m","time":"2022-03-19T17:21:49.281Z","v":0}
{"name":"hexo","hostname":"MobrodeMacBook-Pro.local","pid":34830,"level":30,"msg":"Generated: \u001b[35mimages/aliyun/WX20180531-155652.png\u001b[39m","time":"2022-03-19T17:21:49.281Z","v":0}
{"name":"hexo","hostname":"MobrodeMacBook-Pro.local","pid":34830,"level":30,"msg":"Generated: \u001b[35mimages/aliyun/WX20180531-161602.png\u001b[39m","time":"2022-03-19T17:21:49.282Z","v":0}
{"name":"hexo","hostname":"MobrodeMacBook-Pro.local","pid":34830,"level":30,"msg":"Generated: \u001b[35mimages/201812/20181128150845751.png\u001b[39m","time":"2022-03-19T17:21:49.282Z","v":0}
{"name":"hexo","hostname":"MobrodeMacBook-Pro.local","pid":34830,"level":30,"msg":"Generated: \u001b[35mimages/201806/WX20180615-143708.png\u001b[39m","time":"2022-03-19T17:21:49.282Z","v":0}
{"name":"hexo","hostname":"MobrodeMacBook-Pro.local","pid":34830,"level":30,"msg":"Generated: \u001b[35mimages/201807/WX20180727-182035.png\u001b[39m","time":"2022-03-19T17:21:49.282Z","v":0}
{"name":"hexo","hostname":"MobrodeMacBook-Pro.local","pid":34830,"level":30,"msg":"Generated: \u001b[35mimages/201812/20181112183240688.png\u001b[39m","time":"2022-03-19T17:21:49.282Z","v":0}
{"name":"hexo","hostname":"MobrodeMacBook-Pro.local","pid":34830,"level":30,"msg":"100 files generated in \u001b[36m80 ms\u001b[39m","time":"2022-03-19T17:21:49.283Z","v":0}
{"name":"hexo","hostname":"MobrodeMacBook-Pro.local","pid":34830,"level":20,"msg":"Database saved","time":"2022-03-19T17:21:49.305Z","v":0}
